Log file open, 10/04/20 22:26:40
LogInit: Display: Running engine for game: TheManor
LogPlatformFile: Not using cached read wrapper
LogTaskGraph: Started task graph with 5 named threads and 23 total threads with 3 sets of task threads.
LogStats: Stats thread started at 1.125391
LogD3D11RHI: Loaded GFSDK_Aftermath_Lib.x64.dll
LogICUInternationalization: ICU TimeZone Detection - Raw Offset: -6:00, Platform Override: ''
LogPluginManager: Mounting plugin Paper2D
LogPluginManager: Mounting plugin AISupport
LogPluginManager: Mounting plugin LightPropagationVolume
LogPluginManager: Mounting plugin CameraShakePreviewer
LogPluginManager: Mounting plugin ActorLayerUtilities
LogPluginManager: Mounting plugin AnimationSharing
LogPluginManager: Mounting plugin CLionSourceCodeAccess
LogPluginManager: Mounting plugin CodeLiteSourceCodeAccess
LogPluginManager: Mounting plugin GitSourceControl
LogPluginManager: Mounting plugin KDevelopSourceCodeAccess
LogPluginManager: Mounting plugin NullSourceCodeAccess
LogPluginManager: Mounting plugin PerforceSourceControl
LogPluginManager: Mounting plugin PlasticSourceControl
LogPluginManager: Mounting plugin RiderSourceCodeAccess
LogPluginManager: Mounting plugin SubversionSourceControl
LogPluginManager: Mounting plugin UObjectPlugin
LogPluginManager: Mounting plugin VisualStudioCodeSourceCodeAccess
LogPluginManager: Mounting plugin VisualStudioSourceCodeAccess
LogPluginManager: Mounting plugin XCodeSourceCodeAccess
LogPluginManager: Mounting plugin AssetManagerEditor
LogPluginManager: Mounting plugin CryptoKeys
LogPluginManager: Mounting plugin CurveEditorTools
LogPluginManager: Mounting plugin DataValidation
LogPluginManager: Mounting plugin EditorScriptingUtilities
LogPluginManager: Mounting plugin FacialAnimation
LogPluginManager: Mounting plugin GameplayTagsEditor
LogPluginManager: Mounting plugin GeometryMode
LogPluginManager: Mounting plugin MacGraphicsSwitching
LogPluginManager: Mounting plugin MaterialAnalyzer
LogPluginManager: Mounting plugin MobileLauncherProfileWizard
LogPluginManager: Mounting plugin PluginBrowser
LogPluginManager: Mounting plugin SpeedTreeImporter
LogPluginManager: Mounting plugin DatasmithContent
LogPluginManager: Mounting plugin VariantManagerContent
LogPluginManager: Mounting plugin AlembicImporter
LogPluginManager: Mounting plugin AutomationUtils
LogPluginManager: Mounting plugin BackChannel
LogPluginManager: Mounting plugin ChaosCloth
LogPluginManager: Mounting plugin ChaosClothEditor
LogPluginManager: Mounting plugin ChaosEditor
LogPluginManager: Mounting plugin ChaosNiagara
LogPluginManager: Mounting plugin ChaosSolverPlugin
LogPluginManager: Mounting plugin CharacterAI
LogPluginManager: Mounting plugin GeometryCache
LogPluginManager: Mounting plugin GeometryCollectionPlugin
LogPluginManager: Mounting plugin GeometryProcessing
LogPluginManager: Mounting plugin PlanarCut
LogPluginManager: Mounting plugin PlatformCrypto
LogPluginManager: Mounting plugin ProxyLODPlugin
LogPluginManager: Mounting plugin SkeletalReduction
LogPluginManager: Mounting plugin Niagara
LogPluginManager: Mounting plugin MagicLeap
LogPluginManager: Mounting plugin MagicLeapLightEstimation
LogPluginManager: Mounting plugin MagicLeapMedia
LogPluginManager: Mounting plugin MagicLeapPassableWorld
LogPluginManager: Mounting plugin MLSDK
LogPluginManager: Mounting plugin AndroidMedia
LogPluginManager: Mounting plugin AvfMedia
LogPluginManager: Mounting plugin ImgMedia
LogPluginManager: Mounting plugin MediaCompositing
LogPluginManager: Mounting plugin MediaPlayerEditor
LogPluginManager: Mounting plugin WebMMedia
LogPluginManager: Mounting plugin WmfMedia
LogPluginManager: Mounting plugin MeshPainting
LogPluginManager: Mounting plugin TcpMessaging
LogPluginManager: Mounting plugin UdpMessaging
LogPluginManager: Mounting plugin ActorSequence
LogPluginManager: Mounting plugin LevelSequenceEditor
LogPluginManager: Mounting plugin MatineeToLevelSequence
LogPluginManager: Mounting plugin MovieRenderPipeline
LogPluginManager: Mounting plugin TemplateSequence
LogPluginManager: Mounting plugin NetcodeUnitTest
LogPluginManager: Mounting plugin NUTUnrealEngine4
LogPluginManager: Mounting plugin OnlineSubsystemGooglePlay
LogPluginManager: Mounting plugin OnlineSubsystemIOS
LogPluginManager: Mounting plugin OnlineSubsystem
LogPluginManager: Mounting plugin OnlineSubsystemNull
LogPluginManager: Mounting plugin OnlineSubsystemUtils
LogPluginManager: Mounting plugin LauncherChunkInstaller
LogPluginManager: Mounting plugin AndroidDeviceProfileSelector
LogPluginManager: Mounting plugin AndroidMoviePlayer
LogPluginManager: Mounting plugin AndroidPermission
LogPluginManager: Mounting plugin AppleImageUtils
LogPluginManager: Mounting plugin AppleMoviePlayer
LogPluginManager: Mounting plugin ArchVisCharacter
LogPluginManager: Mounting plugin AssetTags
LogPluginManager: Mounting plugin AudioCapture
LogPluginManager: Mounting plugin CableComponent
LogPluginManager: Mounting plugin CustomMeshComponent
LogPluginManager: Mounting plugin EditableMesh
LogPluginManager: Mounting plugin ExampleDeviceProfileSelector
LogPluginManager: Mounting plugin GoogleCloudMessaging
LogPluginManager: Mounting plugin GooglePAD
LogPluginManager: Mounting plugin IOSDeviceProfileSelector
LogPluginManager: Mounting plugin LinuxDeviceProfileSelector
LogPluginManager: Mounting plugin LocationServicesBPLibrary
LogPluginManager: Mounting plugin MobilePatchingUtils
LogPluginManager: Mounting plugin OculusVR
LogPluginManager: Mounting plugin PhysXVehicles
LogPluginManager: Mounting plugin PostSplashScreen
LogPluginManager: Mounting plugin ProceduralMeshComponent
LogPluginManager: Mounting plugin RuntimePhysXCooking
LogPluginManager: Mounting plugin SignificanceManager
LogPluginManager: Mounting plugin SoundFields
LogPluginManager: Mounting plugin SteamVR
LogPluginManager: Mounting plugin Synthesis
LogPluginManager: Mounting plugin WebMMoviePlayer
LogPluginManager: Mounting plugin WindowsMoviePlayer
LogPluginManager: Mounting plugin ScreenshotTools
LogInit: Using libcurl 7.55.1-DEV
LogInit:  - built for x86_64-pc-win32
LogInit:  - supports SSL with OpenSSL/1.1.1
LogInit:  - supports HTTP deflate (compression) using libz 1.2.8
LogInit:  - other features:
LogInit:      CURL_VERSION_SSL
LogInit:      CURL_VERSION_LIBZ
LogInit:      CURL_VERSION_IPV6
LogInit:      CURL_VERSION_ASYNCHDNS
LogInit:      CURL_VERSION_LARGEFILE
LogInit:      CURL_VERSION_IDN
LogInit:  CurlRequestOptions (configurable via config and command line):
LogInit:  - bVerifyPeer = true  - Libcurl will verify peer certificate
LogInit:  - bUseHttpProxy = false  - Libcurl will NOT use HTTP proxy
LogInit:  - bDontReuseConnections = false  - Libcurl will reuse connections
LogInit:  - MaxHostConnections = 16  - Libcurl will limit the number of connections to a host
LogInit:  - LocalHostAddr = Default
LogInit:  - BufferSize = 65536
LogOnline: OSS: Creating online subsystem instance for: NULL
LogInit: WinSock: version 1.1 (2.2), MaxSocks=32767, MaxUdp=65467
LogOnline: OSS: TryLoadSubsystemAndSetDefault: Loaded subsystem for module [NULL]
LogInit: Build: ++UE4+Release-4.25-CL-13942748
LogInit: Engine Version: 4.25.3-13942748+++UE4+Release-4.25
LogInit: Compatible Engine Version: 4.25.0-13144385+++UE4+Release-4.25
LogInit: Net CL: 13144385
LogInit: OS: Windows 10 (Release 1903) (), CPU: Intel(R) Core(TM) i5-8300H CPU @ 2.30GHz, GPU: Intel(R) UHD Graphics 630
LogInit: Compiled (64-bit): Jul 25 2020 02:07:48
LogInit: Compiled with Visual C++: 19.24.28315.00
LogInit: Build Configuration: Development
LogInit: Branch Name: ++UE4+Release-4.25
LogInit: Command Line: 
LogInit: Base Directory: D:/UE_4.25/Engine/Binaries/Win64/
LogInit: Allocator: TBB
LogInit: Installed Engine Build: 1
LogDevObjectVersion: Number of dev versions registered: 26
LogDevObjectVersion:   Dev-Blueprints (B0D832E4-1F89-4F0D-ACCF-7EB736FD4AA2): 10
LogDevObjectVersion:   Dev-Build (E1C64328-A22C-4D53-A36C-8E866417BD8C): 0
LogDevObjectVersion:   Dev-Core (375EC13C-06E4-48FB-B500-84F0262A717E): 4
LogDevObjectVersion:   Dev-Editor (E4B068ED-F494-42E9-A231-DA0B2E46BB41): 38
LogDevObjectVersion:   Dev-Framework (CFFC743F-43B0-4480-9391-14DF171D2073): 37
LogDevObjectVersion:   Dev-Mobile (B02B49B5-BB20-44E9-A304-32B752E40360): 2
LogDevObjectVersion:   Dev-Networking (A4E4105C-59A1-49B5-A7C5-40C4547EDFEE): 0
LogDevObjectVersion:   Dev-Online (39C831C9-5AE6-47DC-9A44-9C173E1C8E7C): 0
LogDevObjectVersion:   Dev-Physics (78F01B33-EBEA-4F98-B9B4-84EACCB95AA2): 4
LogDevObjectVersion:   Dev-Platform (6631380F-2D4D-43E0-8009-CF276956A95A): 0
LogDevObjectVersion:   Dev-Rendering (12F88B9F-8875-4AFC-A67C-D90C383ABD29): 43
LogDevObjectVersion:   Dev-Sequencer (7B5AE74C-D270-4C10-A958-57980B212A5A): 12
LogDevObjectVersion:   Dev-VR (D7296918-1DD6-4BDD-9DE2-64A83CC13884): 3
LogDevObjectVersion:   Dev-LoadTimes (C2A15278-BFE7-4AFE-6C17-90FF531DF755): 1
LogDevObjectVersion:   Private-Geometry (6EACA3D4-40EC-4CC1-B786-8BED09428FC5): 3
LogDevObjectVersion:   Dev-AnimPhys (29E575DD-E0A3-4627-9D10-D276232CDCEA): 17
LogDevObjectVersion:   Dev-Anim (AF43A65D-7FD3-4947-9873-3E8ED9C1BB05): 7
LogDevObjectVersion:   Dev-ReflectionCapture (6B266CEC-1EC7-4B8F-A30B-E4D90942FC07): 1
LogDevObjectVersion:   Dev-Automation (0DF73D61-A23F-47EA-B727-89E90C41499A): 1
LogDevObjectVersion:   FortniteMain (601D1886-AC64-4F84-AA16-D3DE0DEAC7D6): 31
LogDevObjectVersion:   Dev-Enterprise (9DFFBCD6-494F-0158-E221-12823C92A888): 10
LogDevObjectVersion:   Dev-Niagara (F2AED0AC-9AFE-416F-8664-AA7FFA26D6FC): 1
LogDevObjectVersion:   Dev-Destruction (174F1F0B-B4C6-45A5-B13F-2EE8D0FB917D): 10
LogDevObjectVersion:   Dev-Physics-Ext (35F94A83-E258-406C-A318-09F59610247C): 37
LogDevObjectVersion:   Dev-PhysicsMaterial-Chaos (B68FC16E-8B1B-42E2-B453-215C058844FE): 1
LogDevObjectVersion:   Dev-CineCamera (B2E18506-4273-CFC2-A54E-F4BB758BBA07): 1
LogInit: Presizing for max 25165824 objects, including 0 objects not considered by GC, pre-allocating 0 bytes for permanent pool.
LogConfig: Applying CVar settings from Section [/Script/Engine.StreamingSettings] File [D:/UE Repos/TheManor/TheManor/Saved/Config/Windows/Engine.ini]
LogConfig: Setting CVar [[s.MinBulkDataSizeForAsyncLoading:131072]]
LogConfig: Setting CVar [[s.AsyncLoadingThreadEnabled:0]]
LogConfig: Setting CVar [[s.EventDrivenLoaderEnabled:1]]
LogConfig: Setting CVar [[s.WarnIfTimeLimitExceeded:0]]
LogConfig: Setting CVar [[s.TimeLimitExceededMultiplier:1.5]]
LogConfig: Setting CVar [[s.TimeLimitExceededMinTime:0.005]]
LogConfig: Setting CVar [[s.UseBackgroundLevelStreaming:1]]
LogConfig: Setting CVar [[s.PriorityAsyncLoadingExtraTime:15.0]]
LogConfig: Setting CVar [[s.LevelStreamingActorsUpdateTimeLimit:5.0]]
LogConfig: Setting CVar [[s.PriorityLevelStreamingActorsUpdateExtraTime:5.0]]
LogConfig: Setting CVar [[s.LevelStreamingComponentsRegistrationGranularity:10]]
LogConfig: Setting CVar [[s.UnregisterComponentsTimeLimit:1.0]]
LogConfig: Setting CVar [[s.LevelStreamingComponentsUnregistrationGranularity:5]]
LogConfig: Setting CVar [[s.FlushStreamingOnExit:1]]
LogInit: Object subsystem initialized
LogConfig: Setting CVar [[con.DebugEarlyDefault:1]]
LogConfig: Setting CVar [[r.setres:1280x720]]
[2020.10.05-03.26.45:298][  0]LogConfig: Setting CVar [[r.VSync:0]]
[2020.10.05-03.26.45:298][  0]LogConfig: Setting CVar [[r.RHICmdBypass:0]]
[2020.10.05-03.26.45:298][  0]LogConfig: Applying CVar settings from Section [/Script/Engine.RendererSettings] File [D:/UE Repos/TheManor/TheManor/Saved/Config/Windows/Engine.ini]
[2020.10.05-03.26.45:298][  0]LogConfig: Setting CVar [[r.GPUCrashDebugging:0]]
[2020.10.05-03.26.45:298][  0]LogConfig: Applying CVar settings from Section [/Script/Engine.RendererOverrideSettings] File [D:/UE Repos/TheManor/TheManor/Saved/Config/Windows/Engine.ini]
[2020.10.05-03.26.45:298][  0]LogConfig: Applying CVar settings from Section [/Script/Engine.StreamingSettings] File [D:/UE Repos/TheManor/TheManor/Saved/Config/Windows/Engine.ini]
[2020.10.05-03.26.45:298][  0]LogConfig: Setting CVar [[s.MinBulkDataSizeForAsyncLoading:131072]]
[2020.10.05-03.26.45:298][  0]LogConfig: Setting CVar [[s.AsyncLoadingThreadEnabled:0]]
[2020.10.05-03.26.45:298][  0]LogConfig: Setting CVar [[s.EventDrivenLoaderEnabled:1]]
[2020.10.05-03.26.45:298][  0]LogConfig: Setting CVar [[s.WarnIfTimeLimitExceeded:0]]
[2020.10.05-03.26.45:298][  0]LogConfig: Setting CVar [[s.TimeLimitExceededMultiplier:1.5]]
[2020.10.05-03.26.45:298][  0]LogConfig: Setting CVar [[s.TimeLimitExceededMinTime:0.005]]
[2020.10.05-03.26.45:298][  0]LogConfig: Setting CVar [[s.UseBackgroundLevelStreaming:1]]
[2020.10.05-03.26.45:298][  0]LogConfig: Setting CVar [[s.PriorityAsyncLoadingExtraTime:15.0]]
[2020.10.05-03.26.45:299][  0]LogConfig: Setting CVar [[s.LevelStreamingActorsUpdateTimeLimit:5.0]]
[2020.10.05-03.26.45:299][  0]LogConfig: Setting CVar [[s.PriorityLevelStreamingActorsUpdateExtraTime:5.0]]
[2020.10.05-03.26.45:299][  0]LogConfig: Setting CVar [[s.LevelStreamingComponentsRegistrationGranularity:10]]
[2020.10.05-03.26.45:299][  0]LogConfig: Setting CVar [[s.UnregisterComponentsTimeLimit:1.0]]
[2020.10.05-03.26.45:299][  0]LogConfig: Setting CVar [[s.LevelStreamingComponentsUnregistrationGranularity:5]]
[2020.10.05-03.26.45:299][  0]LogConfig: Setting CVar [[s.FlushStreamingOnExit:1]]
[2020.10.05-03.26.45:299][  0]LogConfig: Applying CVar settings from Section [/Script/Engine.GarbageCollectionSettings] File [D:/UE Repos/TheManor/TheManor/Saved/Config/Windows/Engine.ini]
[2020.10.05-03.26.45:299][  0]LogConfig: Setting CVar [[gc.MaxObjectsNotConsideredByGC:1]]
[2020.10.05-03.26.45:299][  0]LogConfig: Setting CVar [[gc.SizeOfPermanentObjectPool:0]]
[2020.10.05-03.26.45:299][  0]LogConfig: Setting CVar [[gc.FlushStreamingOnGC:0]]
[2020.10.05-03.26.45:299][  0]LogConfig: Setting CVar [[gc.NumRetriesBeforeForcingGC:10]]
[2020.10.05-03.26.45:299][  0]LogConfig: Setting CVar [[gc.AllowParallelGC:1]]
[2020.10.05-03.26.45:299][  0]LogConfig: Setting CVar [[gc.TimeBetweenPurgingPendingKillObjects:61.1]]
[2020.10.05-03.26.45:299][  0]LogConfig: Setting CVar [[gc.MaxObjectsInEditor:25165824]]
[2020.10.05-03.26.45:299][  0]LogConfig: Setting CVar [[gc.IncrementalBeginDestroyEnabled:1]]
[2020.10.05-03.26.45:299][  0]LogConfig: Setting CVar [[gc.CreateGCClusters:1]]
[2020.10.05-03.26.45:299][  0]LogConfig: Setting CVar [[gc.MinGCClusterSize:5]]
[2020.10.05-03.26.45:299][  0]LogConfig: Setting CVar [[gc.ActorClusteringEnabled:0]]
[2020.10.05-03.26.45:299][  0]LogConfig: Setting CVar [[gc.BlueprintClusteringEnabled:0]]
[2020.10.05-03.26.45:299][  0]LogConfig: Setting CVar [[gc.UseDisregardForGCOnDedicatedServers:0]]
[2020.10.05-03.26.45:299][  0]LogConfig: Applying CVar settings from Section [/Script/Engine.NetworkSettings] File [D:/UE Repos/TheManor/TheManor/Saved/Config/Windows/Engine.ini]
[2020.10.05-03.26.45:299][  0]LogConfig: Applying CVar settings from Section [/Script/UnrealEd.CookerSettings] File [D:/UE Repos/TheManor/TheManor/Saved/Config/Windows/Engine.ini]
[2020.10.05-03.26.45:389][  0]LogConfig: Applying CVar settings from Section [ViewDistanceQuality@3] File [D:/UE Repos/TheManor/TheManor/Saved/Config/Windows/Scalability.ini]
[2020.10.05-03.26.45:389][  0]LogConfig: Setting CVar [[r.SkeletalMeshLODBias:0]]
[2020.10.05-03.26.45:389][  0]LogConfig: Setting CVar [[r.ViewDistanceScale:1.0]]
[2020.10.05-03.26.45:389][  0]LogConfig: Applying CVar settings from Section [AntiAliasingQuality@3] File [D:/UE Repos/TheManor/TheManor/Saved/Config/Windows/Scalability.ini]
[2020.10.05-03.26.45:389][  0]LogConfig: Setting CVar [[r.PostProcessAAQuality:4]]
[2020.10.05-03.26.45:389][  0]LogConfig: Applying CVar settings from Section [ShadowQuality@3] File [D:/UE Repos/TheManor/TheManor/Saved/Config/Windows/Scalability.ini]
[2020.10.05-03.26.45:389][  0]LogConfig: Setting CVar [[r.LightFunctionQuality:1]]
[2020.10.05-03.26.45:389][  0]LogConfig: Setting CVar [[r.ShadowQuality:5]]
[2020.10.05-03.26.45:389][  0]LogConfig: Setting CVar [[r.Shadow.CSM.MaxCascades:10]]
[2020.10.05-03.26.45:389][  0]LogConfig: Setting CVar [[r.Shadow.MaxResolution:2048]]
[2020.10.05-03.26.45:389][  0]LogConfig: Setting CVar [[r.Shadow.MaxCSMResolution:2048]]
[2020.10.05-03.26.45:389][  0]LogConfig: Setting CVar [[r.Shadow.RadiusThreshold:0.01]]
[2020.10.05-03.26.45:389][  0]LogConfig: Setting CVar [[r.Shadow.DistanceScale:1.0]]
[2020.10.05-03.26.45:389][  0]LogConfig: Setting CVar [[r.Shadow.CSM.TransitionScale:1.0]]
[2020.10.05-03.26.45:389][  0]LogConfig: Setting CVar [[r.Shadow.PreShadowResolutionFactor:1.0]]
[2020.10.05-03.26.45:389][  0]LogConfig: Setting CVar [[r.DistanceFieldShadowing:1]]
[2020.10.05-03.26.45:389][  0]LogConfig: Setting CVar [[r.DistanceFieldAO:1]]
[2020.10.05-03.26.45:389][  0]LogConfig: Setting CVar [[r.AOQuality:2]]
[2020.10.05-03.26.45:389][  0]LogConfig: Setting CVar [[r.VolumetricFog:1]]
[2020.10.05-03.26.45:390][  0]LogConfig: Setting CVar [[r.VolumetricFog.GridPixelSize:8]]
[2020.10.05-03.26.45:390][  0]LogConfig: Setting CVar [[r.VolumetricFog.GridSizeZ:128]]
[2020.10.05-03.26.45:390][  0]LogConfig: Setting CVar [[r.VolumetricFog.HistoryMissSupersampleCount:4]]
[2020.10.05-03.26.45:390][  0]LogConfig: Setting CVar [[r.LightMaxDrawDistanceScale:1]]
[2020.10.05-03.26.45:390][  0]LogConfig: Setting CVar [[r.CapsuleShadows:1]]
[2020.10.05-03.26.45:390][  0]LogConfig: Applying CVar settings from Section [PostProcessQuality@3] File [D:/UE Repos/TheManor/TheManor/Saved/Config/Windows/Scalability.ini]
[2020.10.05-03.26.45:390][  0]LogConfig: Setting CVar [[r.MotionBlurQuality:4]]
[2020.10.05-03.26.45:390][  0]LogConfig: Setting CVar [[r.AmbientOcclusionMipLevelFactor:0.4]]
[2020.10.05-03.26.45:390][  0]LogConfig: Setting CVar [[r.AmbientOcclusionMaxQuality:100]]
[2020.10.05-03.26.45:390][  0]LogConfig: Setting CVar [[r.AmbientOcclusionLevels:-1]]
[2020.10.05-03.26.45:390][  0]LogConfig: Setting CVar [[r.AmbientOcclusionRadiusScale:1.0]]
[2020.10.05-03.26.45:390][  0]LogConfig: Setting CVar [[r.DepthOfFieldQuality:2]]
[2020.10.05-03.26.45:390][  0]LogConfig: Setting CVar [[r.RenderTargetPoolMin:400]]
[2020.10.05-03.26.45:390][  0]LogConfig: Setting CVar [[r.LensFlareQuality:2]]
[2020.10.05-03.26.45:390][  0]LogConfig: Setting CVar [[r.SceneColorFringeQuality:1]]
[2020.10.05-03.26.45:390][  0]LogConfig: Setting CVar [[r.EyeAdaptationQuality:2]]
[2020.10.05-03.26.45:390][  0]LogConfig: Setting CVar [[r.BloomQuality:5]]
[2020.10.05-03.26.45:390][  0]LogConfig: Setting CVar [[r.FastBlurThreshold:100]]
[2020.10.05-03.26.45:390][  0]LogConfig: Setting CVar [[r.Upscale.Quality:3]]
[2020.10.05-03.26.45:390][  0]LogConfig: Setting CVar [[r.Tonemapper.GrainQuantization:1]]
[2020.10.05-03.26.45:390][  0]LogConfig: Setting CVar [[r.LightShaftQuality:1]]
[2020.10.05-03.26.45:390][  0]LogConfig: Setting CVar [[r.Filter.SizeScale:1]]
[2020.10.05-03.26.45:390][  0]LogConfig: Setting CVar [[r.Tonemapper.Quality:5]]
[2020.10.05-03.26.45:390][  0]LogConfig: Setting CVar [[r.DOF.Gather.AccumulatorQuality:1        ; higher gathering accumulator quality]]
[2020.10.05-03.26.45:390][  0]LogConfig: Setting CVar [[r.DOF.Gather.PostfilterMethod:1          ; Median3x3 postfilering method]]
[2020.10.05-03.26.45:390][  0]LogConfig: Setting CVar [[r.DOF.Gather.EnableBokehSettings:0       ; no bokeh simulation when gathering]]
[2020.10.05-03.26.45:390][  0]LogConfig: Setting CVar [[r.DOF.Gather.RingCount:4                 ; medium number of samples when gathering]]
[2020.10.05-03.26.45:390][  0]LogConfig: Setting CVar [[r.DOF.Scatter.ForegroundCompositing:1    ; additive foreground scattering]]
[2020.10.05-03.26.45:390][  0]LogConfig: Setting CVar [[r.DOF.Scatter.BackgroundCompositing:2    ; additive background scattering]]
[2020.10.05-03.26.45:390][  0]LogConfig: Setting CVar [[r.DOF.Scatter.EnableBokehSettings:1      ; bokeh simulation when scattering]]
[2020.10.05-03.26.45:390][  0]LogConfig: Setting CVar [[r.DOF.Scatter.MaxSpriteRatio:0.1         ; only a maximum of 10% of scattered bokeh]]
[2020.10.05-03.26.45:390][  0]LogConfig: Setting CVar [[r.DOF.Recombine.Quality:1                ; cheap slight out of focus]]
[2020.10.05-03.26.45:390][  0]LogConfig: Setting CVar [[r.DOF.Recombine.EnableBokehSettings:0    ; no bokeh simulation on slight out of focus]]
[2020.10.05-03.26.45:390][  0]LogConfig: Setting CVar [[r.DOF.TemporalAAQuality:1                ; more stable temporal accumulation]]
[2020.10.05-03.26.45:390][  0]LogConfig: Setting CVar [[r.DOF.Kernel.MaxForegroundRadius:0.025]]
[2020.10.05-03.26.45:390][  0]LogConfig: Setting CVar [[r.DOF.Kernel.MaxBackgroundRadius:0.025]]
[2020.10.05-03.26.45:390][  0]LogConfig: Applying CVar settings from Section [TextureQuality@3] File [D:/UE Repos/TheManor/TheManor/Saved/Config/Windows/Scalability.ini]
[2020.10.05-03.26.45:390][  0]LogConfig: Setting CVar [[r.Streaming.MipBias:0]]
[2020.10.05-03.26.45:390][  0]LogConfig: Setting CVar [[r.Streaming.AmortizeCPUToGPUCopy:0]]
[2020.10.05-03.26.45:390][  0]LogConfig: Setting CVar [[r.Streaming.MaxNumTexturesToStreamPerFrame:0]]
[2020.10.05-03.26.45:390][  0]LogConfig: Setting CVar [[r.Streaming.Boost:1]]
[2020.10.05-03.26.45:390][  0]LogConfig: Setting CVar [[r.MaxAnisotropy:8]]
[2020.10.05-03.26.45:390][  0]LogConfig: Setting CVar [[r.VT.MaxAnisotropy:8]]
[2020.10.05-03.26.45:390][  0]LogConfig: Setting CVar [[r.Streaming.LimitPoolSizeToVRAM:0]]
[2020.10.05-03.26.45:390][  0]LogConfig: Setting CVar [[r.Streaming.PoolSize:1000]]
[2020.10.05-03.26.45:390][  0]LogConfig: Setting CVar [[r.Streaming.MaxEffectiveScreenSize:0]]
[2020.10.05-03.26.45:390][  0]LogConfig: Applying CVar settings from Section [EffectsQuality@3] File [D:/UE Repos/TheManor/TheManor/Saved/Config/Windows/Scalability.ini]
[2020.10.05-03.26.45:390][  0]LogConfig: Setting CVar [[r.TranslucencyLightingVolumeDim:64]]
[2020.10.05-03.26.45:390][  0]LogConfig: Setting CVar [[r.RefractionQuality:2]]
[2020.10.05-03.26.45:390][  0]LogConfig: Setting CVar [[r.SSR.Quality:3]]
[2020.10.05-03.26.45:390][  0]LogConfig: Setting CVar [[r.SSR.HalfResSceneColor:0]]
[2020.10.05-03.26.45:390][  0]LogConfig: Setting CVar [[r.SceneColorFormat:4]]
[2020.10.05-03.26.45:390][  0]LogConfig: Setting CVar [[r.DetailMode:2]]
[2020.10.05-03.26.45:390][  0]LogConfig: Setting CVar [[r.TranslucencyVolumeBlur:1]]
[2020.10.05-03.26.45:390][  0]LogConfig: Setting CVar [[r.MaterialQualityLevel:1 ; High quality]]
[2020.10.05-03.26.45:390][  0]LogConfig: Setting CVar [[r.SSS.Scale:1]]
[2020.10.05-03.26.45:390][  0]LogConfig: Setting CVar [[r.SSS.SampleSet:2]]
[2020.10.05-03.26.45:390][  0]LogConfig: Setting CVar [[r.SSS.Quality:1]]
[2020.10.05-03.26.45:390][  0]LogConfig: Setting CVar [[r.SSS.HalfRes:0]]
[2020.10.05-03.26.45:390][  0]LogConfig: Setting CVar [[r.SSGI.Quality:3]]
[2020.10.05-03.26.45:390][  0]LogConfig: Setting CVar [[r.EmitterSpawnRateScale:1.0]]
[2020.10.05-03.26.45:390][  0]LogConfig: Setting CVar [[r.ParticleLightQuality:2]]
[2020.10.05-03.26.45:390][  0]LogConfig: Setting CVar [[r.SkyAtmosphere.AerialPerspectiveLUT.FastApplyOnOpaque:1 ; Always have FastSkyLUT 1 in this case to avoid wrong sky]]
[2020.10.05-03.26.45:390][  0]LogConfig: Setting CVar [[r.SkyAtmosphere.AerialPerspectiveLUT.SampleCountPerSlice:1]]
[2020.10.05-03.26.45:390][  0]LogConfig: Setting CVar [[r.SkyAtmosphere.AerialPerspectiveLUT.DepthResolution:16.0]]
[2020.10.05-03.26.45:390][  0]LogConfig: Setting CVar [[r.SkyAtmosphere.FastSkyLUT:1]]
[2020.10.05-03.26.45:390][  0]LogConfig: Setting CVar [[r.SkyAtmosphere.FastSkyLUT.SampleCountMin:4.0]]
[2020.10.05-03.26.45:390][  0]LogConfig: Setting CVar [[r.SkyAtmosphere.FastSkyLUT.SampleCountMax:32.0]]
[2020.10.05-03.26.45:390][  0]LogConfig: Setting CVar [[r.SkyAtmosphere.SampleCountMin:4.0]]
[2020.10.05-03.26.45:390][  0]LogConfig: Setting CVar [[r.SkyAtmosphere.SampleCountMax:32.0]]
[2020.10.05-03.26.45:390][  0]LogConfig: Setting CVar [[r.SkyAtmosphere.TransmittanceLUT.UseSmallFormat:0]]
[2020.10.05-03.26.45:390][  0]LogConfig: Setting CVar [[r.SkyAtmosphere.TransmittanceLUT.SampleCount:10.0]]
[2020.10.05-03.26.45:390][  0]LogConfig: Setting CVar [[r.SkyAtmosphere.MultiScatteringLUT.SampleCount:15.0]]
[2020.10.05-03.26.45:390][  0]LogConfig: Applying CVar settings from Section [FoliageQuality@3] File [D:/UE Repos/TheManor/TheManor/Saved/Config/Windows/Scalability.ini]
[2020.10.05-03.26.45:390][  0]LogConfig: Setting CVar [[foliage.DensityScale:1.0]]
[2020.10.05-03.26.45:390][  0]LogConfig: Setting CVar [[grass.DensityScale:1.0]]
[2020.10.05-03.26.45:391][  0]LogConfig: Applying CVar settings from Section [ShadingQuality@3] File [D:/UE Repos/TheManor/TheManor/Saved/Config/Windows/Scalability.ini]
[2020.10.05-03.26.45:391][  0]LogConfig: Setting CVar [[r.HairStrands.SkyLighting.SampleCount:16]]
[2020.10.05-03.26.45:391][  0]LogConfig: Setting CVar [[r.HairStrands.SkyLighting.JitterIntegration:0]]
[2020.10.05-03.26.45:391][  0]LogConfig: Setting CVar [[r.HairStrands.SkyAO.SampleCount:16]]
[2020.10.05-03.26.45:391][  0]LogConfig: Setting CVar [[r.HairStrands.DeepShadow.SuperSampling:0]]
[2020.10.05-03.26.45:391][  0]LogConfig: Setting CVar [[r.HairStrands.VisibilityPPLL:0]]
[2020.10.05-03.26.45:391][  0]LogConfig: Setting CVar [[r.HairStrands.RasterizationScale:0.5]]
[2020.10.05-03.26.45:391][  0]LogConfig: Setting CVar [[r.HairStrands.VelocityRasterizationScale:1]]
[2020.10.05-03.26.45:391][  0]LogInit: Selected Device Profile: [Windows]
[2020.10.05-03.26.45:391][  0]LogInit: Applying CVar settings loaded from the selected device profile: [Windows]
[2020.10.05-03.26.45:423][  0]LogHAL: Display: Platform has ~ 8 GB [8438349824 / 8589934592 / 8], which maps to Default [LargestMinGB=32, LargerMinGB=12, DefaultMinGB=8, SmallerMinGB=6, SmallestMinGB=0)
[2020.10.05-03.26.45:423][  0]LogInit: Going up to parent DeviceProfile []
[2020.10.05-03.26.45:423][  0]LogConfig: Applying CVar settings from Section [ViewDistanceQuality@3] File [D:/UE Repos/TheManor/TheManor/Saved/Config/Windows/Scalability.ini]
[2020.10.05-03.26.45:423][  0]LogConfig: Setting CVar [[r.SkeletalMeshLODBias:0]]
[2020.10.05-03.26.45:423][  0]LogConfig: Setting CVar [[r.ViewDistanceScale:1.0]]
[2020.10.05-03.26.45:423][  0]LogConfig: Applying CVar settings from Section [AntiAliasingQuality@3] File [D:/UE Repos/TheManor/TheManor/Saved/Config/Windows/Scalability.ini]
[2020.10.05-03.26.45:423][  0]LogConfig: Setting CVar [[r.PostProcessAAQuality:4]]
[2020.10.05-03.26.45:423][  0]LogConfig: Applying CVar settings from Section [ShadowQuality@3] File [D:/UE Repos/TheManor/TheManor/Saved/Config/Windows/Scalability.ini]
[2020.10.05-03.26.45:423][  0]LogConfig: Setting CVar [[r.LightFunctionQuality:1]]
[2020.10.05-03.26.45:423][  0]LogConfig: Setting CVar [[r.ShadowQuality:5]]
[2020.10.05-03.26.45:423][  0]LogConfig: Setting CVar [[r.Shadow.CSM.MaxCascades:10]]
[2020.10.05-03.26.45:423][  0]LogConfig: Setting CVar [[r.Shadow.MaxResolution:2048]]
[2020.10.05-03.26.45:423][  0]LogConfig: Setting CVar [[r.Shadow.MaxCSMResolution:2048]]
[2020.10.05-03.26.45:423][  0]LogConfig: Setting CVar [[r.Shadow.RadiusThreshold:0.01]]
[2020.10.05-03.26.45:423][  0]LogConfig: Setting CVar [[r.Shadow.DistanceScale:1.0]]
[2020.10.05-03.26.45:423][  0]LogConfig: Setting CVar [[r.Shadow.CSM.TransitionScale:1.0]]
[2020.10.05-03.26.45:423][  0]LogConfig: Setting CVar [[r.Shadow.PreShadowResolutionFactor:1.0]]
[2020.10.05-03.26.45:423][  0]LogConfig: Setting CVar [[r.DistanceFieldShadowing:1]]
[2020.10.05-03.26.45:423][  0]LogConfig: Setting CVar [[r.DistanceFieldAO:1]]
[2020.10.05-03.26.45:423][  0]LogConfig: Setting CVar [[r.AOQuality:2]]
[2020.10.05-03.26.45:423][  0]LogConfig: Setting CVar [[r.VolumetricFog:1]]
[2020.10.05-03.26.45:423][  0]LogConfig: Setting CVar [[r.VolumetricFog.GridPixelSize:8]]
[2020.10.05-03.26.45:423][  0]LogConfig: Setting CVar [[r.VolumetricFog.GridSizeZ:128]]
[2020.10.05-03.26.45:423][  0]LogConfig: Setting CVar [[r.VolumetricFog.HistoryMissSupersampleCount:4]]
[2020.10.05-03.26.45:424][  0]LogConfig: Setting CVar [[r.LightMaxDrawDistanceScale:1]]
[2020.10.05-03.26.45:424][  0]LogConfig: Setting CVar [[r.CapsuleShadows:1]]
[2020.10.05-03.26.45:424][  0]LogConfig: Applying CVar settings from Section [PostProcessQuality@3] File [D:/UE Repos/TheManor/TheManor/Saved/Config/Windows/Scalability.ini]
[2020.10.05-03.26.45:424][  0]LogConfig: Setting CVar [[r.MotionBlurQuality:4]]
[2020.10.05-03.26.45:424][  0]LogConfig: Setting CVar [[r.AmbientOcclusionMipLevelFactor:0.4]]
[2020.10.05-03.26.45:424][  0]LogConfig: Setting CVar [[r.AmbientOcclusionMaxQuality:100]]
[2020.10.05-03.26.45:424][  0]LogConfig: Setting CVar [[r.AmbientOcclusionLevels:-1]]
[2020.10.05-03.26.45:424][  0]LogConfig: Setting CVar [[r.AmbientOcclusionRadiusScale:1.0]]
[2020.10.05-03.26.45:424][  0]LogConfig: Setting CVar [[r.DepthOfFieldQuality:2]]
[2020.10.05-03.26.45:424][  0]LogConfig: Setting CVar [[r.RenderTargetPoolMin:400]]
[2020.10.05-03.26.45:424][  0]LogConfig: Setting CVar [[r.LensFlareQuality:2]]
[2020.10.05-03.26.45:424][  0]LogConfig: Setting CVar [[r.SceneColorFringeQuality:1]]
[2020.10.05-03.26.45:424][  0]LogConfig: Setting CVar [[r.EyeAdaptationQuality:2]]
[2020.10.05-03.26.45:424][  0]LogConfig: Setting CVar [[r.BloomQuality:5]]
[2020.10.05-03.26.45:424][  0]LogConfig: Setting CVar [[r.FastBlurThreshold:100]]
[2020.10.05-03.26.45:424][  0]LogConfig: Setting CVar [[r.Upscale.Quality:3]]
[2020.10.05-03.26.45:424][  0]LogConfig: Setting CVar [[r.Tonemapper.GrainQuantization:1]]
[2020.10.05-03.26.45:424][  0]LogConfig: Setting CVar [[r.LightShaftQuality:1]]
[2020.10.05-03.26.45:424][  0]LogConfig: Setting CVar [[r.Filter.SizeScale:1]]
[2020.10.05-03.26.45:424][  0]LogConfig: Setting CVar [[r.Tonemapper.Quality:5]]
[2020.10.05-03.26.45:424][  0]LogConfig: Setting CVar [[r.DOF.Gather.AccumulatorQuality:1        ; higher gathering accumulator quality]]
[2020.10.05-03.26.45:424][  0]LogConfig: Setting CVar [[r.DOF.Gather.PostfilterMethod:1          ; Median3x3 postfilering method]]
[2020.10.05-03.26.45:424][  0]LogConfig: Setting CVar [[r.DOF.Gather.EnableBokehSettings:0       ; no bokeh simulation when gathering]]
[2020.10.05-03.26.45:424][  0]LogConfig: Setting CVar [[r.DOF.Gather.RingCount:4                 ; medium number of samples when gathering]]
[2020.10.05-03.26.45:424][  0]LogConfig: Setting CVar [[r.DOF.Scatter.ForegroundCompositing:1    ; additive foreground scattering]]
[2020.10.05-03.26.45:424][  0]LogConfig: Setting CVar [[r.DOF.Scatter.BackgroundCompositing:2    ; additive background scattering]]
[2020.10.05-03.26.45:424][  0]LogConfig: Setting CVar [[r.DOF.Scatter.EnableBokehSettings:1      ; bokeh simulation when scattering]]
[2020.10.05-03.26.45:424][  0]LogConfig: Setting CVar [[r.DOF.Scatter.MaxSpriteRatio:0.1         ; only a maximum of 10% of scattered bokeh]]
[2020.10.05-03.26.45:424][  0]LogConfig: Setting CVar [[r.DOF.Recombine.Quality:1                ; cheap slight out of focus]]
[2020.10.05-03.26.45:424][  0]LogConfig: Setting CVar [[r.DOF.Recombine.EnableBokehSettings:0    ; no bokeh simulation on slight out of focus]]
[2020.10.05-03.26.45:424][  0]LogConfig: Setting CVar [[r.DOF.TemporalAAQuality:1                ; more stable temporal accumulation]]
[2020.10.05-03.26.45:424][  0]LogConfig: Setting CVar [[r.DOF.Kernel.MaxForegroundRadius:0.025]]
[2020.10.05-03.26.45:424][  0]LogConfig: Setting CVar [[r.DOF.Kernel.MaxBackgroundRadius:0.025]]
[2020.10.05-03.26.45:424][  0]LogConfig: Applying CVar settings from Section [TextureQuality@3] File [D:/UE Repos/TheManor/TheManor/Saved/Config/Windows/Scalability.ini]
[2020.10.05-03.26.45:424][  0]LogConfig: Setting CVar [[r.Streaming.MipBias:0]]
[2020.10.05-03.26.45:424][  0]LogConfig: Setting CVar [[r.Streaming.AmortizeCPUToGPUCopy:0]]
[2020.10.05-03.26.45:424][  0]LogConfig: Setting CVar [[r.Streaming.MaxNumTexturesToStreamPerFrame:0]]
[2020.10.05-03.26.45:424][  0]LogConfig: Setting CVar [[r.Streaming.Boost:1]]
[2020.10.05-03.26.45:424][  0]LogConfig: Setting CVar [[r.MaxAnisotropy:8]]
[2020.10.05-03.26.45:424][  0]LogConfig: Setting CVar [[r.VT.MaxAnisotropy:8]]
[2020.10.05-03.26.45:424][  0]LogConfig: Setting CVar [[r.Streaming.LimitPoolSizeToVRAM:0]]
[2020.10.05-03.26.45:424][  0]LogConfig: Setting CVar [[r.Streaming.PoolSize:1000]]
[2020.10.05-03.26.45:424][  0]LogConfig: Setting CVar [[r.Streaming.MaxEffectiveScreenSize:0]]
[2020.10.05-03.26.45:424][  0]LogConfig: Applying CVar settings from Section [EffectsQuality@3] File [D:/UE Repos/TheManor/TheManor/Saved/Config/Windows/Scalability.ini]
[2020.10.05-03.26.45:424][  0]LogConfig: Setting CVar [[r.TranslucencyLightingVolumeDim:64]]
[2020.10.05-03.26.45:424][  0]LogConfig: Setting CVar [[r.RefractionQuality:2]]
[2020.10.05-03.26.45:424][  0]LogConfig: Setting CVar [[r.SSR.Quality:3]]
[2020.10.05-03.26.45:424][  0]LogConfig: Setting CVar [[r.SSR.HalfResSceneColor:0]]
[2020.10.05-03.26.45:424][  0]LogConfig: Setting CVar [[r.SceneColorFormat:4]]
[2020.10.05-03.26.45:424][  0]LogConfig: Setting CVar [[r.DetailMode:2]]
[2020.10.05-03.26.45:424][  0]LogConfig: Setting CVar [[r.TranslucencyVolumeBlur:1]]
[2020.10.05-03.26.45:424][  0]LogConfig: Setting CVar [[r.MaterialQualityLevel:1 ; High quality]]
[2020.10.05-03.26.45:424][  0]LogConfig: Setting CVar [[r.SSS.Scale:1]]
[2020.10.05-03.26.45:424][  0]LogConfig: Setting CVar [[r.SSS.SampleSet:2]]
[2020.10.05-03.26.45:424][  0]LogConfig: Setting CVar [[r.SSS.Quality:1]]
[2020.10.05-03.26.45:424][  0]LogConfig: Setting CVar [[r.SSS.HalfRes:0]]
[2020.10.05-03.26.45:424][  0]LogConfig: Setting CVar [[r.SSGI.Quality:3]]
[2020.10.05-03.26.45:425][  0]LogConfig: Setting CVar [[r.EmitterSpawnRateScale:1.0]]
[2020.10.05-03.26.45:425][  0]LogConfig: Setting CVar [[r.ParticleLightQuality:2]]
[2020.10.05-03.26.45:425][  0]LogConfig: Setting CVar [[r.SkyAtmosphere.AerialPerspectiveLUT.FastApplyOnOpaque:1 ; Always have FastSkyLUT 1 in this case to avoid wrong sky]]
[2020.10.05-03.26.45:425][  0]LogConfig: Setting CVar [[r.SkyAtmosphere.AerialPerspectiveLUT.SampleCountPerSlice:1]]
[2020.10.05-03.26.45:425][  0]LogConfig: Setting CVar [[r.SkyAtmosphere.AerialPerspectiveLUT.DepthResolution:16.0]]
[2020.10.05-03.26.45:425][  0]LogConfig: Setting CVar [[r.SkyAtmosphere.FastSkyLUT:1]]
[2020.10.05-03.26.45:425][  0]LogConfig: Setting CVar [[r.SkyAtmosphere.FastSkyLUT.SampleCountMin:4.0]]
[2020.10.05-03.26.45:425][  0]LogConfig: Setting CVar [[r.SkyAtmosphere.FastSkyLUT.SampleCountMax:32.0]]
[2020.10.05-03.26.45:425][  0]LogConfig: Setting CVar [[r.SkyAtmosphere.SampleCountMin:4.0]]
[2020.10.05-03.26.45:425][  0]LogConfig: Setting CVar [[r.SkyAtmosphere.SampleCountMax:32.0]]
[2020.10.05-03.26.45:425][  0]LogConfig: Setting CVar [[r.SkyAtmosphere.TransmittanceLUT.UseSmallFormat:0]]
[2020.10.05-03.26.45:425][  0]LogConfig: Setting CVar [[r.SkyAtmosphere.TransmittanceLUT.SampleCount:10.0]]
[2020.10.05-03.26.45:425][  0]LogConfig: Setting CVar [[r.SkyAtmosphere.MultiScatteringLUT.SampleCount:15.0]]
[2020.10.05-03.26.45:425][  0]LogConfig: Applying CVar settings from Section [FoliageQuality@3] File [D:/UE Repos/TheManor/TheManor/Saved/Config/Windows/Scalability.ini]
[2020.10.05-03.26.45:425][  0]LogConfig: Setting CVar [[foliage.DensityScale:1.0]]
[2020.10.05-03.26.45:425][  0]LogConfig: Setting CVar [[grass.DensityScale:1.0]]
[2020.10.05-03.26.45:425][  0]LogConfig: Applying CVar settings from Section [ShadingQuality@3] File [D:/UE Repos/TheManor/TheManor/Saved/Config/Windows/Scalability.ini]
[2020.10.05-03.26.45:425][  0]LogConfig: Setting CVar [[r.HairStrands.SkyLighting.SampleCount:16]]
[2020.10.05-03.26.45:425][  0]LogConfig: Setting CVar [[r.HairStrands.SkyLighting.JitterIntegration:0]]
[2020.10.05-03.26.45:425][  0]LogConfig: Setting CVar [[r.HairStrands.SkyAO.SampleCount:16]]
[2020.10.05-03.26.45:425][  0]LogConfig: Setting CVar [[r.HairStrands.DeepShadow.SuperSampling:0]]
[2020.10.05-03.26.45:425][  0]LogConfig: Setting CVar [[r.HairStrands.VisibilityPPLL:0]]
[2020.10.05-03.26.45:425][  0]LogConfig: Setting CVar [[r.HairStrands.RasterizationScale:0.5]]
[2020.10.05-03.26.45:425][  0]LogConfig: Setting CVar [[r.HairStrands.VelocityRasterizationScale:1]]
[2020.10.05-03.26.45:425][  0]LogConfig: Applying CVar settings from Section [Startup] File [../../../Engine/Config/ConsoleVariables.ini]
[2020.10.05-03.26.45:432][  0]LogConfig: Setting CVar [[net.UseAdaptiveNetUpdateFrequency:0]]
[2020.10.05-03.26.45:432][  0]LogConfig: Setting CVar [[p.chaos.AllowCreatePhysxBodies:1]]
[2020.10.05-03.26.45:432][  0]LogConfig: Setting CVar [[fx.SkipVectorVMBackendOptimizations:1]]
[2020.10.05-03.26.45:432][  0]LogConfig: Applying CVar settings from Section [ConsoleVariables] File [D:/UE Repos/TheManor/TheManor/Saved/Config/Windows/Engine.ini]
[2020.10.05-03.26.45:434][  0]LogInit: Computer: LAPTOP-LAGE1VC0
[2020.10.05-03.26.45:434][  0]LogInit: User: sherr
[2020.10.05-03.26.45:436][  0]LogInit: CPU Page size=4096, Cores=4
[2020.10.05-03.26.45:436][  0]LogInit: High frequency timer resolution =10.000000 MHz
[2020.10.05-03.26.45:436][  0]LogMemory: Memory total: Physical=7.9GB (8GB approx)
[2020.10.05-03.26.45:436][  0]LogMemory: Platform Memory Stats for Windows
[2020.10.05-03.26.45:436][  0]LogMemory: Process Physical Memory: 114.44 MB used, 114.44 MB peak
[2020.10.05-03.26.45:436][  0]LogMemory: Process Virtual Memory: 104.63 MB used, 104.63 MB peak
[2020.10.05-03.26.45:436][  0]LogMemory: Physical Memory: 6474.88 MB used,  1572.56 MB free, 8047.44 MB total
[2020.10.05-03.26.45:436][  0]LogMemory: Virtual Memory: 5151.39 MB used,  134212576.00 MB free, 134217728.00 MB total
[2020.10.05-03.26.46:092][  0]LogWindows: WindowsPlatformFeatures enabled
[2020.10.05-03.26.46:861][  0]LogInit: Physics initialised using underlying interface: PhysX
[2020.10.05-03.26.46:863][  0]LogInit: Using OS detected language (en-US).
[2020.10.05-03.26.46:863][  0]LogInit: Using OS detected locale (en-US).
[2020.10.05-03.26.47:049][  0]LogTextLocalizationManager: No specific localization for 'en-US' exists, so the 'en' localization will be used.
[2020.10.05-03.26.47:927][  0]LogInit: Setting process to per monitor DPI aware
[2020.10.05-03.26.48:287][  0]LogSlate: New Slate User Created.  User Index 0, Is Virtual User: 0
[2020.10.05-03.26.48:287][  0]LogSlate: Slate User Registered.  User Index 0, Is Virtual User: 0
[2020.10.05-03.26.53:994][  0]LogHMD: Failed to initialize OpenVR with code 110
[2020.10.05-03.26.53:994][  0]LogD3D11RHI: D3D11 min allowed feature level: 11_0
[2020.10.05-03.26.53:994][  0]LogD3D11RHI: D3D11 max allowed feature level: 11_0
[2020.10.05-03.26.53:994][  0]LogD3D11RHI: D3D11 adapters:
[2020.10.05-03.26.54:228][  0]LogD3D11RHI:    0. 'NVIDIA GeForce GTX 1050 Ti' (Feature Level 11_0)
[2020.10.05-03.26.54:229][  0]LogD3D11RHI:       4021/0/4023 MB DedicatedVideo/DedicatedSystem/SharedSystem, Outputs:2, VendorId:0x10de
[2020.10.05-03.26.54:250][  0]LogD3D11RHI:    1. 'Intel(R) UHD Graphics 630' (Feature Level 11_0)
[2020.10.05-03.26.54:250][  0]LogD3D11RHI:       128/0/4023 MB DedicatedVideo/DedicatedSystem/SharedSystem, Outputs:0, VendorId:0x8086
[2020.10.05-03.26.54:256][  0]LogD3D11RHI:    2. 'Microsoft Basic Render Driver' (Feature Level 11_0)
[2020.10.05-03.26.54:256][  0]LogD3D11RHI:       0/0/4023 MB DedicatedVideo/DedicatedSystem/SharedSystem, Outputs:0, VendorId:0x1414
[2020.10.05-03.26.54:256][  0]LogD3D11RHI: Chosen D3D11 Adapter: 0
[2020.10.05-03.26.54:264][  0]LogD3D11RHI: Creating new Direct3DDevice
[2020.10.05-03.26.54:264][  0]LogD3D11RHI:     GPU DeviceId: 0x1c8c (for the marketing name, search the web for "GPU Device Id")
[2020.10.05-03.26.54:265][  0]LogWindows: EnumDisplayDevices:
[2020.10.05-03.26.54:265][  0]LogWindows:    0. 'Intel(R) UHD Graphics 630' (P:1 D:1)
[2020.10.05-03.26.54:265][  0]LogWindows:    1. 'Intel(R) UHD Graphics 630' (P:0 D:1)
[2020.10.05-03.26.54:266][  0]LogWindows:    2. 'Intel(R) UHD Graphics 630' (P:0 D:0)
[2020.10.05-03.26.54:266][  0]LogWindows: DebugString: PrimaryIsNotTheChoosenAdapter PrimaryIsNotTheChoosenAdapter PrimaryIsNotTheChoosenAdapter FoundDriverCount:0 
[2020.10.05-03.26.54:266][  0]LogD3D11RHI:     Adapter Name: NVIDIA GeForce GTX 1050 Ti
[2020.10.05-03.26.54:266][  0]LogD3D11RHI:   Driver Version: Unknown (internal:Unknown, unified:Unknown)
[2020.10.05-03.26.54:266][  0]LogD3D11RHI:      Driver Date: Unknown
[2020.10.05-03.26.54:266][  0]LogRHI: Texture pool is 2814 MB (70% of 4021 MB)
[2020.10.05-03.26.54:325][  0]LogD3D11RHI: RHI has support for 64 bit atomics
[2020.10.05-03.26.54:329][  0]LogD3D11RHI: [Aftermath] Enabled and primed
[2020.10.05-03.26.54:330][  0]LogD3D11RHI: Async texture creation enabled
[2020.10.05-03.26.54:330][  0]LogD3D11RHI: Array index from any shader is supported
[2020.10.05-03.26.54:424][  0]LogD3D11RHI: GPU Timing Frequency: 1000.000000 (Debug: 2 1)
[2020.10.05-03.26.54:858][  0]LogTargetPlatformManager: Display: Loaded TargetPlatform 'AllDesktop'
[2020.10.05-03.26.54:917][  0]LogTargetPlatformManager: Display: Loaded TargetPlatform 'Android'
[2020.10.05-03.26.54:917][  0]LogTargetPlatformManager: Display: Loaded TargetPlatform 'Android_ASTC'
[2020.10.05-03.26.54:917][  0]LogTargetPlatformManager: Display: Loaded TargetPlatform 'Android_DXT'
[2020.10.05-03.26.54:917][  0]LogTargetPlatformManager: Display: Loaded TargetPlatform 'Android_ETC2'
[2020.10.05-03.26.54:917][  0]LogTargetPlatformManager: Display: Loaded TargetPlatform 'AndroidClient'
[2020.10.05-03.26.54:917][  0]LogTargetPlatformManager: Display: Loaded TargetPlatform 'Android_ASTCClient'
[2020.10.05-03.26.54:917][  0]LogTargetPlatformManager: Display: Loaded TargetPlatform 'Android_DXTClient'
[2020.10.05-03.26.54:917][  0]LogTargetPlatformManager: Display: Loaded TargetPlatform 'Android_ETC2Client'
[2020.10.05-03.26.54:917][  0]LogTargetPlatformManager: Display: Loaded TargetPlatform 'Android_Multi'
[2020.10.05-03.26.54:917][  0]LogTargetPlatformManager: Display: Loaded TargetPlatform 'Android_MultiClient'
[2020.10.05-03.26.55:021][  0]LogTargetPlatformManager: Display: Loaded TargetPlatform 'IOSClient'
[2020.10.05-03.26.55:021][  0]LogTargetPlatformManager: Display: Loaded TargetPlatform 'IOS'
[2020.10.05-03.26.55:074][  0]LogTargetPlatformManager: Display: Loaded TargetPlatform 'Linux'
[2020.10.05-03.26.55:107][  0]LogTargetPlatformManager: Display: Loaded TargetPlatform 'LinuxNoEditor'
[2020.10.05-03.26.55:137][  0]LogTargetPlatformManager: Display: Loaded TargetPlatform 'LinuxClient'
[2020.10.05-03.26.55:167][  0]LogTargetPlatformManager: Display: Loaded TargetPlatform 'LinuxServer'
[2020.10.05-03.26.55:199][  0]LogTargetPlatformManager: Display: Loaded TargetPlatform 'LinuxAArch64NoEditor'
[2020.10.05-03.26.55:231][  0]LogTargetPlatformManager: Display: Loaded TargetPlatform 'LinuxAArch64Client'
[2020.10.05-03.26.55:261][  0]LogTargetPlatformManager: Display: Loaded TargetPlatform 'LinuxAArch64Server'
[2020.10.05-03.26.55:319][  0]LogTargetPlatformManager: Display: Loaded TargetPlatform 'Lumin'
[2020.10.05-03.26.55:319][  0]LogTargetPlatformManager: Display: Loaded TargetPlatform 'LuminClient'
[2020.10.05-03.26.55:357][  0]LogTargetPlatformManager: Display: Loaded TargetPlatform 'TVOSClient'
[2020.10.05-03.26.55:357][  0]LogTargetPlatformManager: Display: Loaded TargetPlatform 'TVOS'
[2020.10.05-03.26.55:389][  0]LogTargetPlatformManager: Display: Loaded TargetPlatform 'WindowsNoEditor'
[2020.10.05-03.26.55:419][  0]LogTargetPlatformManager: Display: Loaded TargetPlatform 'Windows'
[2020.10.05-03.26.55:447][  0]LogTargetPlatformManager: Display: Loaded TargetPlatform 'WindowsClient'
[2020.10.05-03.26.55:476][  0]LogTargetPlatformManager: Display: Loaded TargetPlatform 'WindowsServer'
[2020.10.05-03.26.55:476][  0]LogTargetPlatformManager: Display: Building Assets For Windows
[2020.10.05-03.26.55:637][  0]LogAudioDebug: Display: Lib vorbis DLL was dynamically loaded.
[2020.10.05-03.26.56:167][  0]LogShaderCompilers: Guid format shader working directory is 7 characters bigger than the processId version (../../../../UE Repos/TheManor/TheManor/Intermediate/Shaders/WorkingDirectory/14556/).
[2020.10.05-03.26.56:168][  0]LogShaderCompilers: Cleaned the shader compiler working directory 'C:/Users/sherr/AppData/Local/Temp/UnrealShaderWorkingDir/A233281341185073E04594A9EDFAA796/'.
[2020.10.05-03.26.56:169][  0]LogShaderCompilers: Display: Using XGE Shader Compiler (Interception Interface).
[2020.10.05-03.27.01:177][  0]LogDerivedDataCache: Display: Max Cache Size: 512 MB
[2020.10.05-03.27.01:312][  0]LogDerivedDataCache: Loaded boot cache 0.13s 76MB C:/Users/sherr/AppData/Local/UnrealEngine/4.25/DerivedDataCache/Boot.ddc.
[2020.10.05-03.27.01:313][  0]LogDerivedDataCache: Display: Loaded Boot cache: C:/Users/sherr/AppData/Local/UnrealEngine/4.25/DerivedDataCache/Boot.ddc
[2020.10.05-03.27.01:313][  0]LogDerivedDataCache: FDerivedDataBackendGraph:  Pak pak cache file ../../../../UE Repos/TheManor/TheManor/DerivedDataCache/DDC.ddp not found, will not use a pak cache.
[2020.10.05-03.27.01:313][  0]LogDerivedDataCache: Unable to find inner node Pak for hierarchical cache Hierarchy.
[2020.10.05-03.27.01:313][  0]LogDerivedDataCache: FDerivedDataBackendGraph:  CompressedPak pak cache file ../../../../UE Repos/TheManor/TheManor/DerivedDataCache/Compressed.ddp not found, will not use a pak cache.
[2020.10.05-03.27.01:313][  0]LogDerivedDataCache: Unable to find inner node CompressedPak for hierarchical cache Hierarchy.
[2020.10.05-03.27.01:340][  0]LogDerivedDataCache: Display: Pak cache opened for reading ../../../Engine/DerivedDataCache/Compressed.ddp.
[2020.10.05-03.27.01:340][  0]LogDerivedDataCache: FDerivedDataBackendGraph:  EnterprisePak pak cache file ../../../Enterprise/DerivedDataCache/Compressed.ddp not found, will not use a pak cache.
[2020.10.05-03.27.01:340][  0]LogDerivedDataCache: Unable to find inner node EnterprisePak for hierarchical cache Hierarchy.
[2020.10.05-03.27.01:342][  0]LogDerivedDataCache: Using Local data cache path C:/Users/sherr/AppData/Local/UnrealEngine/Common/DerivedDataCache: Writable
[2020.10.05-03.27.01:342][  0]LogDerivedDataCache: Shared data cache path not found in *engine.ini, will not use an Shared cache.
[2020.10.05-03.27.01:342][  0]LogDerivedDataCache: Unable to find inner node Shared for hierarchical cache Hierarchy.
[2020.10.05-03.27.01:404][  0]LogSlate: Using FreeType 2.10.0
[2020.10.05-03.27.01:431][  0]LogSlate: SlateFontServices - WITH_FREETYPE: 1, WITH_HARFBUZZ: 1
[2020.10.05-03.27.02:004][  0]LogAssetRegistry: FAssetRegistry took 0.0028 seconds to start up
[2020.10.05-03.27.02:489][  0]LogInit: Selected Device Profile: [Windows]
[2020.10.05-03.27.03:213][  0]LogMeshReduction: Using QuadricMeshReduction for automatic static mesh reduction
[2020.10.05-03.27.03:214][  0]LogMeshReduction: Using SimplygonMeshReduction for automatic skeletal mesh reduction
[2020.10.05-03.27.03:214][  0]LogMeshReduction: Using ProxyLODMeshReduction for automatic mesh merging
[2020.10.05-03.27.03:214][  0]LogMeshReduction: No distributed automatic mesh merging module available
[2020.10.05-03.27.03:214][  0]LogMeshMerging: No distributed automatic mesh merging module available
[2020.10.05-03.27.03:304][  0]LogNetVersion: TheManor 1.0.0, NetCL: 13144385, EngineNetVer: 14, GameNetVer: 0 (Checksum: 2184530520)
[2020.10.05-03.27.09:216][  0]LogAISub: UAISubsystem::UAISubsystem AISubsystem (0000020BD4A550C0), frame # 0
[2020.10.05-03.27.09:216][  0]LogAISub: UAISubsystem::UAISubsystem AIPerceptionSystem (0000020BD58C91C0), frame # 0
[2020.10.05-03.27.09:218][  0]LogAISub: UAISubsystem::UAISubsystem EnvQueryManager (0000020BD4919E00), frame # 0
[2020.10.05-03.27.09:387][  0]LogPackageLocalizationCache: Processed 19 localized package path(s) for 1 prioritized culture(s) in 0.120192 seconds
[2020.10.05-03.27.09:395][  0]LogUObjectArray: 15917 objects as part of root set at end of initial load.
[2020.10.05-03.27.09:395][  0]LogUObjectAllocator: 3965568 out of 0 bytes used by permanent object pool.
[2020.10.05-03.27.09:395][  0]LogUObjectArray: CloseDisregardForGC: 0/0 objects in disregard for GC pool
[2020.10.05-03.27.12:117][  0]LogTcpMessaging: Initializing TcpMessaging bridge
[2020.10.05-03.27.12:143][  0]LogUdpMessaging: Initializing bridge on interface 0.0.0.0:0 to multicast group 230.0.0.1:6666.
[2020.10.05-03.27.12:841][  0]SourceControl: Source control is disabled
[2020.10.05-03.27.15:387][  0]LogAndroidPermission: UAndroidPermissionCallbackProxy::GetInstance
[2020.10.05-03.27.15:529][  0]LogAudioCaptureCore: Display: No Audio Capture implementations found. Audio input will be silent.
[2020.10.05-03.27.15:529][  0]LogAudioCaptureCore: Display: No Audio Capture implementations found. Audio input will be silent.
[2020.10.05-03.27.15:807][  0]LogOcInput: OculusInput pre-init called
[2020.10.05-03.27.15:867][  0]LogWindows: Failed to load 'OVRPlugin.dll' (GetLastError=126)
[2020.10.05-03.27.15:867][  0]LogWindows: File 'OVRPlugin.dll' does not exist
[2020.10.05-03.27.16:264][  0]LogEngine: Initializing Engine...
[2020.10.05-03.27.16:267][  0]LogHMD: Failed to initialize OpenVR with code 110
[2020.10.05-03.27.16:267][  0]LogMagicLeap: Warning: VR disabled because ZI is not enabled.  To enable, in the editor, Edit -> Project Settings -> Plugins -> Magic Leap Plugin -> Enable Zero Iteration
[2020.10.05-03.27.16:271][  0]LogStats: UGameplayTagsManager::InitializeManager -  0.002 s
[2020.10.05-03.27.16:824][  0]LogInit: Initializing FReadOnlyCVARCache
[2020.10.05-03.27.16:873][  0]LogAIModule: Creating AISystem for world Untitled
[2020.10.05-03.27.16:873][  0]LogAISub: UAISubsystem::UAISubsystem EnvQueryManager (0000020BD85B3C00), frame # 0
[2020.10.05-03.27.16:873][  0]LogAISub: UAISubsystem::UAISubsystem AIPerceptionSystem (0000020BD85F9440), frame # 0
[2020.10.05-03.27.16:898][  0]LogAudioMixer: Display: Audio Mixer Platform Settings:
[2020.10.05-03.27.16:898][  0]LogAudioMixer: Display: 	Sample Rate:						  48000
[2020.10.05-03.27.16:898][  0]LogAudioMixer: Display: 	Callback Buffer Frame Size Requested: 1024
[2020.10.05-03.27.16:898][  0]LogAudioMixer: Display: 	Callback Buffer Frame Size To Use:	  1024
[2020.10.05-03.27.16:898][  0]LogAudioMixer: Display: 	Number of buffers to queue:			  2
[2020.10.05-03.27.16:898][  0]LogAudioMixer: Display: 	Max Channels (voices):				  32
[2020.10.05-03.27.16:898][  0]LogAudioMixer: Display: 	Number of Async Source Workers:		  0
[2020.10.05-03.27.16:898][  0]LogAudio: Display: AudioDevice MaxSources: 32
[2020.10.05-03.27.16:898][  0]LogAudio: Display: Using built-in audio occlusion.
[2020.10.05-03.27.16:899][  0]LogAudioMixer: Display: Initializing audio mixer.
[2020.10.05-03.27.16:945][  0]LogAudioMixer: Display: 0: FrontLeft
[2020.10.05-03.27.16:945][  0]LogAudioMixer: Display: 1: FrontRight
[2020.10.05-03.27.16:945][  0]LogAudioMixer: Display: 2: FrontCenter
[2020.10.05-03.27.16:945][  0]LogAudioMixer: Display: 3: LowFrequency
[2020.10.05-03.27.16:945][  0]LogAudioMixer: Display: 4: BackLeft
[2020.10.05-03.27.16:945][  0]LogAudioMixer: Display: 5: BackRight
[2020.10.05-03.27.16:945][  0]LogAudioMixer: Display: 6: SideLeft
[2020.10.05-03.27.16:945][  0]LogAudioMixer: Display: 7: SideRight
[2020.10.05-03.27.17:083][  0]LogAudioMixer: Display: Using Audio Device Speakers (Realtek High Definition Audio)
[2020.10.05-03.27.17:088][  0]LogAudioMixer: Display: Initializing Sound Submixes...
[2020.10.05-03.27.17:131][  0]LogAudioMixer: Display: Creating Master Submix 'MasterSubmixDefault'
[2020.10.05-03.27.17:131][  0]LogAudioMixer: Display: Creating Master Submix 'MasterReverbSubmixDefault'
[2020.10.05-03.27.17:133][  0]LogAudioMixer: Display: Creating Master Submix 'MasterEQSubmixDefault'
[2020.10.05-03.27.17:134][  0]LogInit: FAudioDevice initialized.
[2020.10.05-03.27.17:135][  0]LogNetVersion: Set ProjectVersion to 1.0.0.0. Version Checksum will be recalculated on next use.
[2020.10.05-03.27.17:281][  0]LogDerivedDataCache: Saved boot cache 0.15s 76MB C:/Users/sherr/AppData/Local/UnrealEngine/4.25/DerivedDataCache/Boot.ddc.
[2020.10.05-03.27.17:293][  0]LogInit: Texture streaming: Enabled
[2020.10.05-03.27.17:391][  0]LogEngineSessionManager: EngineSessionManager initialized
[2020.10.05-03.27.17:391][  0]LogEditorSessionSummary: Verbose: Initializing EditorSessionSummaryWriter for editor session tracking
[2020.10.05-03.27.17:397][  0]LogEditorSessionSummary: EditorSessionSummaryWriter initialized
[2020.10.05-03.27.17:527][  0]LogInit: Transaction tracking system initialized
[2020.10.05-03.27.17:729][  0]BlueprintLog: New page: Editor Load
[2020.10.05-03.27.18:563][  0]LocalizationService: Localization service is disabled
[2020.10.05-03.27.20:011][  0]LogCook: Display: Max memory allowance for cook 16384mb min free memory 0mb
[2020.10.05-03.27.20:011][  0]LogCook: Display: Mobile HDR setting 1
[2020.10.05-03.27.20:451][  0]LogFileCache: Scanning file cache for directory 'D:/UE Repos/TheManor/TheManor/Content/' took 0.01s
[2020.10.05-03.27.21:735][  0]LogUnrealEdMisc: Loading editor; pre map load, took 48.578
[2020.10.05-03.27.21:735][  0]Cmd: MAP LOAD FILE="../../../Engine/Content/Maps/Templates/Template_Default.umap" TEMPLATE=1 SHOWPROGRESS=1 FEATURELEVEL=3
[2020.10.05-03.27.21:775][  0]LightingResults: New page: Lighting Build
[2020.10.05-03.27.21:795][  0]LogWorld: UWorld::CleanupWorld for Untitled, bSessionEnded=true, bCleanupResources=true
[2020.10.05-03.27.21:796][  0]LogSlate: InvalidateAllWidgets triggered.  All widgets were invalidated
[2020.10.05-03.27.21:796][  0]MapCheck: New page: Map Check
[2020.10.05-03.27.21:796][  0]LightingResults: New page: Lighting Build
[2020.10.05-03.27.21:805][  0]LogAISub: UAISubsystem::~UAISubsystem EnvQueryManager (0000020BD85B3C00), frame # 0
[2020.10.05-03.27.21:805][  0]LogAISub: UAISubsystem::~UAISubsystem AIPerceptionSystem (0000020BD85F9440), frame # 0
[2020.10.05-03.27.21:806][  0]LogUObjectHash: Compacting FUObjectHashTables data took   0.71ms
[2020.10.05-03.27.22:069][  0]LogAIModule: Creating AISystem for world Untitled_1
[2020.10.05-03.27.22:069][  0]LogAISub: UAISubsystem::UAISubsystem EnvQueryManager (0000020BC847DC00), frame # 0
[2020.10.05-03.27.22:069][  0]LogAISub: UAISubsystem::UAISubsystem AIPerceptionSystem (0000020BD20BDF80), frame # 0
[2020.10.05-03.27.22:091][  0]LogEditorServer: Finished looking for orphan Actors (0.000 secs)
[2020.10.05-03.27.22:101][  0]LogUObjectHash: Compacting FUObjectHashTables data took   0.71ms
[2020.10.05-03.27.22:101][  0]Cmd: MAP CHECKDEP NOCLEARLOG
[2020.10.05-03.27.22:102][  0]MapCheck: Map check complete: 0 Error(s), 0 Warning(s), took 0.457ms to complete.
[2020.10.05-03.27.22:102][  0]LogFileHelpers: Loading map 'Template_Default' took 0.366
[2020.10.05-03.27.22:105][  0]LogUnrealEdMisc: Total Editor Startup Time, took 48.947
[2020.10.05-03.27.22:326][  0]LogSlate: Updating window title bar state: overlay mode, drag disabled, window buttons hidden, title bar hidden
[2020.10.05-03.27.22:336][  0]LogSlate: Updating window title bar state: overlay mode, drag disabled, window buttons hidden, title bar hidden
[2020.10.05-03.27.22:352][  0]LogSlate: Updating window title bar state: overlay mode, drag disabled, window buttons hidden, title bar hidden
[2020.10.05-03.27.22:362][  0]LogSlate: Updating window title bar state: overlay mode, drag disabled, window buttons hidden, title bar hidden
[2020.10.05-03.27.22:410][  0]LogCollectionManager: Loaded 0 collections in 0.002721 seconds
[2020.10.05-03.27.22:435][  0]LogFileCache: Scanning file cache for directory 'D:/UE Repos/TheManor/TheManor/Saved/Collections/' took 0.00s
[2020.10.05-03.27.22:436][  0]LogFileCache: Scanning file cache for directory 'D:/UE Repos/TheManor/TheManor/Content/Developers/sherr/Collections/' took 0.00s
[2020.10.05-03.27.22:436][  0]LogFileCache: Scanning file cache for directory 'D:/UE Repos/TheManor/TheManor/Content/Collections/' took 0.00s
[2020.10.05-03.27.22:436][  0]LogContentBrowser: Native class hierarchy populated in 0.0146 seconds. Added 3429 classes and 823 folders.
[2020.10.05-03.27.22:442][  0]LogContentBrowser: Native class hierarchy updated for 'WidgetCarousel' in 0.0007 seconds. Added 0 classes and 0 folders.
[2020.10.05-03.27.23:378][  0]LogContentBrowser: Native class hierarchy updated for 'AddContentDialog' in 0.0005 seconds. Added 0 classes and 0 folders.
[2020.10.05-03.27.23:382][  0]LogContentBrowser: Native class hierarchy updated for 'SceneOutliner' in 0.0006 seconds. Added 2 classes and 0 folders.
[2020.10.05-03.27.24:433][  0]LogContentBrowser: Native class hierarchy updated for 'HierarchicalLODOutliner' in 0.0007 seconds. Added 0 classes and 0 folders.
[2020.10.05-03.27.24:433][  0]LogLoad: (Engine Initialization) Total time: 51.28 seconds
[2020.10.05-03.27.24:433][  0]LogLoad: (Engine Initialization) Total Blueprint compile time: 0.00 seconds
[2020.10.05-03.27.24:752][  0]LogRenderer: Reallocating scene render targets to support 64x64 Format 10 NumSamples 1 (Frame:1).
[2020.10.05-03.27.24:752][  0]LogAssetRegistry: Asset discovery search completed in 22.7486 seconds
[2020.10.05-03.27.24:758][  0]LogCollectionManager: Fixed up redirectors for 0 collections in 0.000003 seconds (updated 0 objects)
[2020.10.05-03.27.24:780][  0]LogContentStreaming: Texture pool size now 1000 MB
[2020.10.05-03.27.24:801][  0]LogSlate: Took 0.011188 seconds to synchronously load lazily loaded font '../../../Engine/Content/Slate/Fonts/Roboto-Regular.ttf' (155K)
[2020.10.05-03.27.24:839][  0]LogSlate: Took 0.031530 seconds to synchronously load lazily loaded font '../../../Engine/Content/Slate/Fonts/Roboto-Bold.ttf' (160K)
[2020.10.05-03.27.24:851][  0]LogSlate: Took 0.008640 seconds to synchronously load lazily loaded font '../../../Engine/Content/Editor/Slate/Fonts/FontAwesome.ttf' (139K)
[2020.10.05-03.27.24:859][  0]LogSlate: Took 0.007510 seconds to synchronously load lazily loaded font '../../../Engine/Content/Slate/Fonts/DroidSansMono.ttf' (77K)
[2020.10.05-03.27.25:123][  0]LogRenderer: Reallocating scene render targets to support 888x264 Format 10 NumSamples 1 (Frame:1).
[2020.10.05-03.27.25:123][  0]LogSlate: Took 0.015045 seconds to synchronously load lazily loaded font '../../../Engine/Content/Slate/Fonts/Roboto-Light.ttf' (167K)
[2020.10.05-03.27.34:146][270]LogSlate: Took 0.000326 seconds to synchronously load lazily loaded font '../../../Engine/Content/Slate/Fonts/Roboto-Light.ttf' (167K)
[2020.10.05-03.27.34:264][270]LogAssetEditorSubsystem: Opening Asset editor for World /Game/TheManor.TheManor
[2020.10.05-03.27.34:274][270]LogUObjectHash: Compacting FUObjectHashTables data took   1.34ms
[2020.10.05-03.27.34:280][270]Cmd: MAP LOAD FILE="../../../../UE Repos/TheManor/TheManor/Content/TheManor.umap" TEMPLATE=0 SHOWPROGRESS=1 FEATURELEVEL=3
[2020.10.05-03.27.34:280][270]LightingResults: New page: Lighting Build
[2020.10.05-03.27.34:280][270]LoadErrors: New page: Loading map: TheManor.umap
[2020.10.05-03.27.34:307][270]LogWorld: UWorld::CleanupWorld for Untitled_1, bSessionEnded=true, bCleanupResources=true
[2020.10.05-03.27.34:307][270]LogSlate: InvalidateAllWidgets triggered.  All widgets were invalidated
[2020.10.05-03.27.34:308][270]MapCheck: New page: Map Check
[2020.10.05-03.27.34:308][270]LightingResults: New page: Lighting Build
[2020.10.05-03.27.34:317][270]LogAISub: UAISubsystem::~UAISubsystem EnvQueryManager (0000020BC847DC00), frame # 270
[2020.10.05-03.27.34:317][270]LogAISub: UAISubsystem::~UAISubsystem AIPerceptionSystem (0000020BD20BDF80), frame # 270
[2020.10.05-03.27.34:317][270]LogUObjectHash: Compacting FUObjectHashTables data took   0.62ms
[2020.10.05-03.27.34:384][270]LogEditorServer: Finished looking for orphan Actors (0.000 secs)
[2020.10.05-03.27.34:384][270]LogAIModule: Creating AISystem for world TheManor
[2020.10.05-03.27.34:385][270]LogAISub: UAISubsystem::UAISubsystem EnvQueryManager (0000020B8BDC3600), frame # 270
[2020.10.05-03.27.34:385][270]LogAISub: UAISubsystem::UAISubsystem AIPerceptionSystem (0000020B8C47A340), frame # 270
[2020.10.05-03.27.34:397][270]LogUObjectHash: Compacting FUObjectHashTables data took   0.78ms
[2020.10.05-03.27.34:426][270]Cmd: MAP CHECKDEP NOCLEARLOG
[2020.10.05-03.27.34:426][270]MapCheck: Map check complete: 0 Error(s), 0 Warning(s), took 0.254ms to complete.
[2020.10.05-03.27.34:426][270]LogFileHelpers: Loading map 'TheManor' took 0.147
[2020.10.05-03.27.38:879][525]LogRenderer: Reallocating scene render targets to support 888x392 Format 10 NumSamples 1 (Frame:249).
[2020.10.05-03.27.46:911][997]LogAssetEditorSubsystem: Opening Asset editor for Class /Script/TheManor.WorldPosition
[2020.10.05-03.35.20:109][578]Candidate modules for hot reload:
[2020.10.05-03.35.20:109][578]  TheManor
[2020.10.05-03.35.20:110][578]Launching UnrealBuildTool... [D:/UE_4.25/Engine/Binaries/DotNET/UnrealBuildTool.exe  -ModuleWithSuffix=TheManor,7304 TheManorEditor Win64 Development -Project="D:/UE Repos/TheManor/TheManor/TheManor.uproject" "D:/UE Repos/TheManor/TheManor/TheManor.uproject"  -IgnoreJunk]
[2020.10.05-03.35.20:113][578]Warning: Starting HotReload took  0.5s.
[2020.10.05-03.35.20:932][598]LogAudioMixer: Display: Audio Buffer Underrun detected.
[2020.10.05-03.35.31:361][941]CompilerResultsLog: New page: Compilation - Oct 4, 2020, 5:35:30 PM
[2020.10.05-03.35.31:452][941]CompilerResultsLog: Using 'git status' to determine working set for adaptive non-unity build (D:\UE Repos\TheManor).
[2020.10.05-03.35.31:452][941]CompilerResultsLog: Building TheManorEditor...
[2020.10.05-03.35.31:452][941]CompilerResultsLog: Using Visual Studio 2019 14.27.29111 toolchain (C:\Program Files (x86)\Microsoft Visual Studio\2019\Community\VC\Tools\MSVC\14.27.29110) and Windows 10.0.18362.0 SDK (C:\Program Files (x86)\Windows Kits\10).
[2020.10.05-03.35.31:452][941]CompilerResultsLog: Distributing 4 actions to XGE
[2020.10.05-03.35.31:452][941]CompilerResultsLog: --------------------Build System Warning---------------------------------------
[2020.10.05-03.35.31:452][941]CompilerResultsLog: Agent is not subscribed:
[2020.10.05-03.35.31:452][941]CompilerResultsLog:     This Agent is not subscribed. IncrediBuild will allow you to utilize up to 4 cores on your local machine.
[2020.10.05-03.35.31:452][941]CompilerResultsLog:      To unleash IncrediBuild's capabilities to utilize idle cores in your network in order to achieve increased performance,
[2020.10.05-03.35.31:452][941]CompilerResultsLog:     either subscribe your Agent to a valid Coordinator or contact sales@incredibuild.com for further information
[2020.10.05-03.35.31:452][941]CompilerResultsLog: 
[2020.10.05-03.35.31:452][941]CompilerResultsLog: -------------------------------------------------------------------------------
[2020.10.05-03.35.31:452][941]CompilerResultsLog: --------------------Project: Default-------------------------------------------
[2020.10.05-03.35.31:452][941]CompilerResultsLog: WorldPosition.cpp (0:01.76 at +0:00)
[2020.10.05-03.35.31:452][941]CompilerResultsLog: Error: D:\UE Repos\TheManor\TheManor\Source\TheManor\WorldPosition.cpp(18) : error C2065: 'Warning': undeclared identifier
[2020.10.05-03.35.31:452][941]CompilerResultsLog: Error: D:\UE Repos\TheManor\TheManor\Source\TheManor\WorldPosition.cpp(18) : error C3861: 'Text': identifier not found
[2020.10.05-03.35.31:452][941]CompilerResultsLog: Error: D:\UE Repos\TheManor\TheManor\Source\TheManor\WorldPosition.cpp(18) : error C3861: 'UE_Log': identifier not found
[2020.10.05-03.35.31:452][941]CompilerResultsLog: 
[2020.10.05-03.35.31:452][941]CompilerResultsLog: Error executing D:\UE_4.25\Engine\Build\Windows\cl-filter\cl-filter.exe (tool returned code: 2)
[2020.10.05-03.35.31:452][941]CompilerResultsLog: ---------------------- Done ----------------------
[2020.10.05-03.35.31:452][941]CompilerResultsLog: 
[2020.10.05-03.35.31:452][941]CompilerResultsLog:     Rebuild All: 0 succeeded, 1 failed, 0 skipped
[2020.10.05-03.35.31:452][941]CompilerResultsLog: 
[2020.10.05-03.35.31:452][941]CompilerResultsLog: 1 build system warning(s):
[2020.10.05-03.35.31:452][941]CompilerResultsLog:    - Agent is not subscribed
[2020.10.05-03.35.31:452][941]CompilerResultsLog: 
[2020.10.05-03.35.31:452][941]LogMainFrame: MainFrame: Module compiling took 11.731 seconds
[2020.10.05-03.35.31:452][941]Warning: HotReload failed, recompile failed
[2020.10.05-03.36.23:037][270]LogSlate: Window 'Message Log' being destroyed
[2020.10.05-03.36.23:037][270]LogSlate: Window 'Message Log' being destroyed
[2020.10.05-03.36.26:581][386]Candidate modules for hot reload:
[2020.10.05-03.36.26:581][386]  TheManor
[2020.10.05-03.36.26:582][386]Launching UnrealBuildTool... [D:/UE_4.25/Engine/Binaries/DotNET/UnrealBuildTool.exe  -ModuleWithSuffix=TheManor,8205 TheManorEditor Win64 Development -Project="D:/UE Repos/TheManor/TheManor/TheManor.uproject" "D:/UE Repos/TheManor/TheManor/TheManor.uproject"  -IgnoreJunk]
[2020.10.05-03.36.26:586][386]Warning: Starting HotReload took  0.0s.
[2020.10.05-03.37.24:514][108]CompilerResultsLog: New page: Compilation - Oct 4, 2020, 5:37:24 PM
[2020.10.05-03.37.24:514][108]CompilerResultsLog: Using 'git status' to determine working set for adaptive non-unity build (D:\UE Repos\TheManor).
[2020.10.05-03.37.24:514][108]CompilerResultsLog: Building TheManorEditor...
[2020.10.05-03.37.24:514][108]CompilerResultsLog: Using Visual Studio 2019 14.27.29111 toolchain (C:\Program Files (x86)\Microsoft Visual Studio\2019\Community\VC\Tools\MSVC\14.27.29110) and Windows 10.0.18362.0 SDK (C:\Program Files (x86)\Windows Kits\10).
[2020.10.05-03.37.24:514][108]CompilerResultsLog: Distributing 4 actions to XGE
[2020.10.05-03.37.24:514][108]CompilerResultsLog: --------------------Build System Warning---------------------------------------
[2020.10.05-03.37.24:514][108]CompilerResultsLog: Agent is not subscribed:
[2020.10.05-03.37.24:514][108]CompilerResultsLog:     This Agent is not subscribed. IncrediBuild will allow you to utilize up to 4 cores on your local machine.
[2020.10.05-03.37.24:514][108]CompilerResultsLog:      To unleash IncrediBuild's capabilities to utilize idle cores in your network in order to achieve increased performance,
[2020.10.05-03.37.24:514][108]CompilerResultsLog:     either subscribe your Agent to a valid Coordinator or contact sales@incredibuild.com for further information
[2020.10.05-03.37.24:514][108]CompilerResultsLog: 
[2020.10.05-03.37.24:514][108]CompilerResultsLog: -------------------------------------------------------------------------------
[2020.10.05-03.37.24:514][108]CompilerResultsLog: --------------------Project: Default-------------------------------------------
[2020.10.05-03.37.24:514][108]CompilerResultsLog: WorldPosition.cpp (0:48.37 at +0:00)
[2020.10.05-03.37.24:514][108]CompilerResultsLog: Error: D:\UE Repos\TheManor\TheManor\Source\TheManor\WorldPosition.cpp(18) : error C3861: 'Text': identifier not found
[2020.10.05-03.37.24:514][108]CompilerResultsLog: Error: D:\UE Repos\TheManor\TheManor\Source\TheManor\WorldPosition.cpp(18) : error C2955: 'TIsArrayOrRefOfType': use of class template requires template argument list
[2020.10.05-03.37.24:514][108]CompilerResultsLog: D:\UE_4.25\Engine\Source\Runtime\Core\Public\Templates/IsArrayOrRefOfType.h(13): note: see declaration of 'TIsArrayOrRefOfType'
[2020.10.05-03.37.24:514][108]CompilerResultsLog: 
[2020.10.05-03.37.24:514][108]CompilerResultsLog: Error executing D:\UE_4.25\Engine\Build\Windows\cl-filter\cl-filter.exe (tool returned code: 2)
[2020.10.05-03.37.24:514][108]CompilerResultsLog: ---------------------- Done ----------------------
[2020.10.05-03.37.24:514][108]CompilerResultsLog: 
[2020.10.05-03.37.24:514][108]CompilerResultsLog:     Rebuild All: 0 succeeded, 1 failed, 0 skipped
[2020.10.05-03.37.24:514][108]CompilerResultsLog: 
[2020.10.05-03.37.24:514][108]CompilerResultsLog: 1 build system warning(s):
[2020.10.05-03.37.24:514][108]CompilerResultsLog:    - Agent is not subscribed
[2020.10.05-03.37.24:515][108]CompilerResultsLog: 
[2020.10.05-03.37.24:515][108]LogMainFrame: MainFrame: Module compiling took 57.947 seconds
[2020.10.05-03.37.24:515][108]Warning: HotReload failed, recompile failed
[2020.10.05-03.38.55:375][769]LogSlate: Window 'Message Log' being destroyed
[2020.10.05-03.38.55:379][769]LogSlate: Window 'Message Log' being destroyed
[2020.10.05-03.38.56:708][844]Candidate modules for hot reload:
[2020.10.05-03.38.56:708][844]  TheManor
[2020.10.05-03.38.56:708][844]Launching UnrealBuildTool... [D:/UE_4.25/Engine/Binaries/DotNET/UnrealBuildTool.exe  -ModuleWithSuffix=TheManor,596 TheManorEditor Win64 Development -Project="D:/UE Repos/TheManor/TheManor/TheManor.uproject" "D:/UE Repos/TheManor/TheManor/TheManor.uproject"  -IgnoreJunk]
[2020.10.05-03.38.56:712][844]Warning: Starting HotReload took  0.0s.
[2020.10.05-03.39.02:266][137]LogRenderer: Reallocating scene render targets to support 892x404 Format 10 NumSamples 1 (Frame:5003).
[2020.10.05-03.42.21:962][151]CompilerResultsLog: New page: Compilation - Oct 4, 2020, 5:42:21 PM
[2020.10.05-03.42.21:962][151]CompilerResultsLog: Using 'git status' to determine working set for adaptive non-unity build (D:\UE Repos\TheManor).
[2020.10.05-03.42.21:962][151]CompilerResultsLog: Building TheManorEditor...
[2020.10.05-03.42.21:962][151]CompilerResultsLog: Using Visual Studio 2019 14.27.29111 toolchain (C:\Program Files (x86)\Microsoft Visual Studio\2019\Community\VC\Tools\MSVC\14.27.29110) and Windows 10.0.18362.0 SDK (C:\Program Files (x86)\Windows Kits\10).
[2020.10.05-03.42.21:962][151]CompilerResultsLog: Distributing 4 actions to XGE
[2020.10.05-03.42.21:962][151]LogMainFrame: MainFrame: Module compiling took 205.265 seconds
[2020.10.05-03.42.21:962][151]Warning: HotReload failed, recompile failed
[2020.10.05-03.43.44:809][695]LogAssetEditorSubsystem: Opening Asset editor for Class /Script/TheManor.WorldPosition
[2020.10.05-03.45.17:843][951]Candidate modules for hot reload:
[2020.10.05-03.45.17:843][951]  TheManor
[2020.10.05-03.45.17:843][951]Launching UnrealBuildTool... [D:/UE_4.25/Engine/Binaries/DotNET/UnrealBuildTool.exe  -ModuleWithSuffix=TheManor,7989 TheManorEditor Win64 Development -Project="D:/UE Repos/TheManor/TheManor/TheManor.uproject" "D:/UE Repos/TheManor/TheManor/TheManor.uproject"  -IgnoreJunk]
[2020.10.05-03.45.17:846][951]Warning: Starting HotReload took  0.2s.
[2020.10.05-03.45.19:120][992]CompilerResultsLog: New page: Compilation - Oct 4, 2020, 5:45:19 PM
[2020.10.05-03.45.19:120][992]CompilerResultsLog: ERROR: A conflicting instance of UnrealBuildTool is already running.
[2020.10.05-03.45.19:120][992]LogMainFrame: MainFrame: Module compiling took 1.440 seconds
[2020.10.05-03.45.19:120][992]Warning: HotReload failed, recompile failed
[2020.10.05-03.46.36:837][822]LogSlate: Window 'Message Log' being destroyed
[2020.10.05-03.46.36:841][822]LogSlate: Window 'Message Log' being destroyed
[2020.10.05-03.47.11:919][865]Candidate modules for hot reload:
[2020.10.05-03.47.11:919][865]  TheManor
[2020.10.05-03.47.11:920][865]Launching UnrealBuildTool... [D:/UE_4.25/Engine/Binaries/DotNET/UnrealBuildTool.exe  -ModuleWithSuffix=TheManor,6295 TheManorEditor Win64 Development -Project="D:/UE Repos/TheManor/TheManor/TheManor.uproject" "D:/UE Repos/TheManor/TheManor/TheManor.uproject"  -IgnoreJunk]
[2020.10.05-03.47.12:130][865]Warning: Starting HotReload took 32.9s.
[2020.10.05-03.47.24:156][896]CompilerResultsLog: New page: Compilation - Oct 4, 2020, 5:47:24 PM
[2020.10.05-03.47.24:156][896]CompilerResultsLog: ERROR: A conflicting instance of UnrealBuildTool is already running.
[2020.10.05-03.47.24:156][896]LogMainFrame: MainFrame: Module compiling took 13.509 seconds
[2020.10.05-03.47.24:157][896]Warning: HotReload failed, recompile failed
[2020.10.05-03.47.25:266][899]LogAudioMixer: Display: Audio Buffer Underrun detected.
[2020.10.05-03.47.26:862][901]LogTemp: Resetting audio stream to device id 
[2020.10.05-03.47.47:120][901]LogAudioMixer: Display: 0: FrontLeft
[2020.10.05-03.47.47:120][901]LogAudioMixer: Display: 1: FrontRight
[2020.10.05-03.47.47:120][901]LogAudioMixer: Display: 2: FrontCenter
[2020.10.05-03.47.47:120][901]LogAudioMixer: Display: 3: LowFrequency
[2020.10.05-03.47.47:120][901]LogAudioMixer: Display: 4: BackLeft
[2020.10.05-03.47.47:120][901]LogAudioMixer: Display: 5: BackRight
[2020.10.05-03.47.47:120][901]LogAudioMixer: Display: 6: SideLeft
[2020.10.05-03.47.47:120][901]LogAudioMixer: Display: 7: SideRight
[2020.10.05-03.47.50:662][902]LogTemp: Resetting audio stream to device id 
[2020.10.05-03.47.50:815][902]LogAudioMixer: Display: 0: FrontLeft
[2020.10.05-03.47.50:815][902]LogAudioMixer: Display: 1: FrontRight
[2020.10.05-03.47.50:815][902]LogAudioMixer: Display: 2: FrontCenter
[2020.10.05-03.47.50:815][902]LogAudioMixer: Display: 3: LowFrequency
[2020.10.05-03.47.50:815][902]LogAudioMixer: Display: 4: BackLeft
[2020.10.05-03.47.50:815][902]LogAudioMixer: Display: 5: BackRight
[2020.10.05-03.47.50:815][902]LogAudioMixer: Display: 6: SideLeft
[2020.10.05-03.47.50:815][902]LogAudioMixer: Display: 7: SideRight
[2020.10.05-03.47.52:475][903]LogTemp: Resetting audio stream to device id 
[2020.10.05-03.47.52:618][903]LogAudioMixer: Display: 0: FrontLeft
[2020.10.05-03.47.52:618][903]LogAudioMixer: Display: 1: FrontRight
[2020.10.05-03.47.52:618][903]LogAudioMixer: Display: 2: FrontCenter
[2020.10.05-03.47.52:618][903]LogAudioMixer: Display: 3: LowFrequency
[2020.10.05-03.47.52:618][903]LogAudioMixer: Display: 4: BackLeft
[2020.10.05-03.47.52:618][903]LogAudioMixer: Display: 5: BackRight
[2020.10.05-03.47.52:618][903]LogAudioMixer: Display: 6: SideLeft
[2020.10.05-03.47.52:618][903]LogAudioMixer: Display: 7: SideRight
[2020.10.05-03.47.53:638][904]LogTemp: Resetting audio stream to device id 
[2020.10.05-03.47.53:818][904]LogAudioMixer: Display: 0: FrontLeft
[2020.10.05-03.47.53:818][904]LogAudioMixer: Display: 1: FrontRight
[2020.10.05-03.47.53:818][904]LogAudioMixer: Display: 2: FrontCenter
[2020.10.05-03.47.53:818][904]LogAudioMixer: Display: 3: LowFrequency
[2020.10.05-03.47.53:818][904]LogAudioMixer: Display: 4: BackLeft
[2020.10.05-03.47.53:818][904]LogAudioMixer: Display: 5: BackRight
[2020.10.05-03.47.53:818][904]LogAudioMixer: Display: 6: SideLeft
[2020.10.05-03.47.53:818][904]LogAudioMixer: Display: 7: SideRight
[2020.10.05-03.48.00:429][158]LogSlate: Window 'Message Log' being destroyed
[2020.10.05-03.48.00:437][158]LogSlate: Window 'Message Log' being destroyed
[2020.10.05-03.48.48:777][450]Candidate modules for hot reload:
[2020.10.05-03.48.48:777][450]  TheManor
[2020.10.05-03.48.48:780][450]Launching UnrealBuildTool... [D:/UE_4.25/Engine/Binaries/DotNET/UnrealBuildTool.exe  -ModuleWithSuffix=TheManor,6741 TheManorEditor Win64 Development -Project="D:/UE Repos/TheManor/TheManor/TheManor.uproject" "D:/UE Repos/TheManor/TheManor/TheManor.uproject"  -IgnoreJunk]
[2020.10.05-03.48.48:821][450]Warning: Starting HotReload took  0.1s.
[2020.10.05-03.48.49:303][457]LogAudioMixer: Display: Audio Buffer Underrun detected.
[2020.10.05-03.52.20:323][336]CompilerResultsLog: New page: Compilation - Oct 4, 2020, 5:52:20 PM
[2020.10.05-03.52.20:323][336]CompilerResultsLog: Using 'git status' to determine working set for adaptive non-unity build (D:\UE Repos\TheManor).
[2020.10.05-03.52.20:323][336]CompilerResultsLog: Building TheManorEditor...
[2020.10.05-03.52.20:323][336]CompilerResultsLog: Using Visual Studio 2019 14.27.29111 toolchain (C:\Program Files (x86)\Microsoft Visual Studio\2019\Community\VC\Tools\MSVC\14.27.29110) and Windows 10.0.18362.0 SDK (C:\Program Files (x86)\Windows Kits\10).
[2020.10.05-03.52.20:323][336]CompilerResultsLog: Distributing 10 actions to XGE
[2020.10.05-03.52.20:323][336]CompilerResultsLog: --------------------Project: Default-------------------------------------------
[2020.10.05-03.52.20:323][336]CompilerResultsLog: SharedPCH.Engine.ShadowErrors.cpp (2:27.00 at +0:00)
[2020.10.05-03.52.20:323][336]CompilerResultsLog: TheManor.init.gen.cpp (0:41.21 at +2:28)
[2020.10.05-03.52.20:323][336]CompilerResultsLog: TheManor.cpp (0:42.50 at +2:27)
[2020.10.05-03.52.20:323][336]CompilerResultsLog: WorldPosition.cpp (0:41.67 at +2:28)
[2020.10.05-03.52.20:377][336]CompilerResultsLog: TheManorGameModeBase.cpp (0:41.78 at +2:28)
[2020.10.05-03.52.20:377][336]CompilerResultsLog: WorldPosition.gen.cpp (0:41.85 at +2:28)
[2020.10.05-03.52.20:377][336]CompilerResultsLog: TheManorGameModeBase.gen.cpp (0:41.89 at +2:28)
[2020.10.05-03.52.20:377][336]CompilerResultsLog: UE4Editor-TheManor-6741.lib (0:00.64 at +3:12)
[2020.10.05-03.52.20:377][336]CompilerResultsLog:    Creating library D:\UE Repos\TheManor\TheManor\Intermediate\Build\Win64\UE4Editor\Development\TheManor\UE4Editor-TheManor-6741.lib and object D:\UE Repos\TheManor\TheManor\Intermediate\Build\Win64\UE4Editor\Development\TheManor\UE4Editor-TheManor-6741.exp
[2020.10.05-03.52.20:377][336]CompilerResultsLog: UE4Editor-TheManor-6741.dll (0:04.50 at +3:10)
[2020.10.05-03.52.20:377][336]CompilerResultsLog:    Creating library D:\UE Repos\TheManor\TheManor\Intermediate\Build\Win64\UE4Editor\Development\TheManor\UE4Editor-TheManor-6741.suppressed.lib and object D:\UE Repos\TheManor\TheManor\Intermediate\Build\Win64\UE4Editor\Development\TheManor\UE4Editor-TheManor-6741.suppressed.exp
[2020.10.05-03.52.20:377][336]CompilerResultsLog: TheManorEditor.target (0:07.23 at +3:14)
[2020.10.05-03.52.20:377][336]CompilerResultsLog: ---------------------- Done ----------------------
[2020.10.05-03.52.20:377][336]CompilerResultsLog: 
[2020.10.05-03.52.20:377][336]CompilerResultsLog:     Rebuild All: 1 succeeded, 0 failed, 0 skipped
[2020.10.05-03.52.20:377][336]CompilerResultsLog: 
[2020.10.05-03.52.20:377][336]CompilerResultsLog: Total time in XGE executor: 204.09 seconds
[2020.10.05-03.52.20:377][336]CompilerResultsLog: Total execution time: 210.90 seconds
[2020.10.05-03.52.20:377][336]LogMainFrame: MainFrame: Module compiling took 211.610 seconds
[2020.10.05-03.52.43:344][336]LogContentBrowser: Native class hierarchy updated for 'TheManor' in 0.2648 seconds. Added 2 classes and 2 folders.
[2020.10.05-03.52.43:628][336]Display: HotReload successful (0 functions remapped  0 scriptstructs remapped)
[2020.10.05-03.52.48:332][336]LogContentBrowser: Native class hierarchy populated in 1.3636 seconds. Added 3429 classes and 823 folders.
[2020.10.05-03.52.53:422][336]Display: HotReload took 244.7s.
[2020.10.05-03.53.35:471][461]LogTemp: Repeating last play command: Selected Viewport
[2020.10.05-03.53.37:289][461]LogPlayLevel: PlayLevel: No blueprints needed recompiling
[2020.10.05-03.53.37:617][461]PIE: New page: PIE session: TheManor (Oct 4, 2020, 5:53:37 PM)
[2020.10.05-03.53.38:727][461]LogOnline: OSS: Creating online subsystem instance for: NULL
[2020.10.05-03.53.39:729][461]LogOnline: OSS: TryLoadSubsystemAndSetDefault: Loaded subsystem for module [NULL]
[2020.10.05-03.53.39:740][461]LogPlayLevel: Creating play world package: /Game/UEDPIE_0_TheManor
[2020.10.05-03.53.45:024][461]LogPlayLevel: PIE: StaticDuplicateObject took: (5.191069s)
[2020.10.05-03.53.49:582][461]LogAIModule: Creating AISystem for world TheManor
[2020.10.05-03.53.49:588][461]LogAISub: UAISubsystem::UAISubsystem EnvQueryManager (0000020B83293400), frame # 14461
[2020.10.05-03.53.50:611][461]LogAISub: UAISubsystem::UAISubsystem AIPerceptionSystem (0000020BB1C84400), frame # 14461
[2020.10.05-03.53.54:376][461]LogPlayLevel: PIE: World Init took: (9.352740s)
[2020.10.05-03.53.54:377][461]LogPlayLevel: PIE: Created PIE world by copying editor world from /Game/TheManor.TheManor to /Game/UEDPIE_0_TheManor.TheManor (14.638563s)
[2020.10.05-03.53.56:049][461]LogUObjectHash: Compacting FUObjectHashTables data took   1.03ms
[2020.10.05-03.54.17:919][461]LogAudioMixer: Display: Audio Mixer Platform Settings:
[2020.10.05-03.54.17:919][461]LogAudioMixer: Display: 	Sample Rate:						  48000
[2020.10.05-03.54.17:919][461]LogAudioMixer: Display: 	Callback Buffer Frame Size Requested: 1024
[2020.10.05-03.54.17:919][461]LogAudioMixer: Display: 	Callback Buffer Frame Size To Use:	  1024
[2020.10.05-03.54.17:919][461]LogAudioMixer: Display: 	Number of buffers to queue:			  2
[2020.10.05-03.54.17:919][461]LogAudioMixer: Display: 	Max Channels (voices):				  32
[2020.10.05-03.54.17:919][461]LogAudioMixer: Display: 	Number of Async Source Workers:		  0
[2020.10.05-03.54.18:114][461]LogAudio: Display: AudioDevice MaxSources: 32
[2020.10.05-03.54.18:402][461]LogAudio: Display: Using built-in audio occlusion.
[2020.10.05-03.54.18:402][461]LogAudioMixer: Display: Initializing audio mixer.
[2020.10.05-03.54.19:227][461]LogAudioMixer: Display: 0: FrontLeft
[2020.10.05-03.54.19:227][461]LogAudioMixer: Display: 1: FrontRight
[2020.10.05-03.54.19:227][461]LogAudioMixer: Display: 2: FrontCenter
[2020.10.05-03.54.19:227][461]LogAudioMixer: Display: 3: LowFrequency
[2020.10.05-03.54.19:227][461]LogAudioMixer: Display: 4: BackLeft
[2020.10.05-03.54.19:227][461]LogAudioMixer: Display: 5: BackRight
[2020.10.05-03.54.19:227][461]LogAudioMixer: Display: 6: SideLeft
[2020.10.05-03.54.19:227][461]LogAudioMixer: Display: 7: SideRight
[2020.10.05-03.54.19:344][461]LogAudioMixer: Display: Using Audio Device Speakers (Realtek High Definition Audio)
[2020.10.05-03.54.20:751][461]LogAudioMixer: Display: Initializing Sound Submixes...
[2020.10.05-03.54.20:751][461]LogAudioMixer: Display: Creating Master Submix 'MasterSubmixDefault'
[2020.10.05-03.54.20:754][461]LogAudioMixer: Display: Creating Master Submix 'MasterReverbSubmixDefault'
[2020.10.05-03.54.22:521][461]LogAudioMixer: Display: Creating Master Submix 'MasterEQSubmixDefault'
[2020.10.05-03.54.22:522][461]LogInit: FAudioDevice initialized.
[2020.10.05-03.54.23:659][461]LogLoad: Game class is 'GameModeBase'
[2020.10.05-03.54.24:652][461]LogWorld: Bringing World /Game/UEDPIE_0_TheManor.TheManor up for play (max tick rate 3) at 2020.10.04-22.54.24
[2020.10.05-03.54.24:695][461]LogWorld: Bringing up level for play took: 0.060538
[2020.10.05-03.54.25:717][461]LogOnline: OSS: Creating online subsystem instance for: :Context_2
[2020.10.05-03.54.29:731][461]LogContentBrowser: Native class hierarchy updated for 'MovieSceneCapture' in 0.0006 seconds. Added 20 classes and 0 folders.
[2020.10.05-03.54.30:727][461]LogTemp: Warning: This is a Warning!
[2020.10.05-03.54.31:612][461]PIE: Server logged in
[2020.10.05-03.54.32:470][461]PIE: Play in editor total start time 55.172 seconds.
[2020.10.05-04.02.47:608][484]LogSlate: Updating window title bar state: overlay mode, drag disabled, window buttons hidden, title bar hidden
[2020.10.05-04.02.47:608][484]LogWorld: BeginTearingDown for /Game/UEDPIE_0_TheManor
[2020.10.05-04.02.48:216][484]LogWorld: UWorld::CleanupWorld for TheManor, bSessionEnded=true, bCleanupResources=true
[2020.10.05-04.02.48:714][484]LogSlate: InvalidateAllWidgets triggered.  All widgets were invalidated
[2020.10.05-04.02.49:094][484]LogPlayLevel: Display: Shutting down PIE online subsystems
[2020.10.05-04.02.49:097][484]LogSlate: InvalidateAllWidgets triggered.  All widgets were invalidated
[2020.10.05-04.02.49:222][484]LogSlate: Updating window title bar state: overlay mode, drag disabled, window buttons hidden, title bar hidden
[2020.10.05-04.02.49:577][484]LogAISub: UAISubsystem::~UAISubsystem EnvQueryManager (0000020B83293400), frame # 16484
[2020.10.05-04.02.49:578][484]LogAISub: UAISubsystem::~UAISubsystem AIPerceptionSystem (0000020BB1C84400), frame # 16484
[2020.10.05-04.02.49:721][484]LogUObjectHash: Compacting FUObjectHashTables data took   0.69ms
[2020.10.05-04.02.52:499][485]LogPlayLevel: Display: Destroying online subsystem :Context_2
[2020.10.05-04.02.53:396][487]LogUObjectHash: Compacting FUObjectHashTables data took   0.79ms
[2020.10.05-04.02.53:561][487]LogPlayLevel: Launcher Device ID: WindowsNoEditor@LAPTOP-LAGE1VC0
[2020.10.05-04.02.59:770][487]LogPlayLevel: PlayLevel: No blueprints needed recompiling
[2020.10.05-04.02.59:849][487]LogCook: Display: Creating asset registry
[2020.10.05-04.03.03:410][487]LogCook: Display: Discovering localized assets for cultures: en
[2020.10.05-04.03.03:909][487]LogCook: Display: Unable to read previous cook inisettings for platform WindowsNoEditor invalidating cook
[2020.10.05-04.03.03:909][487]LogCook: Display: Clearing all cooked content for platform WindowsNoEditor
[2020.10.05-04.03.14:689][487]LogCook: Display: Sandbox cleanup took 10.840 seconds for platforms WindowsNoEditor 
